c:\users\taewo\desktop\directxsamples\3d\debug\vc141.pdb
c:\users\taewo\desktop\directxsamples\3d\debug\vc141.idb
c:\users\taewo\desktop\directxsamples\3d\debug\crendermanager.obj
c:\users\taewo\desktop\directxsamples\3d\debug\cmeshloader.obj
c:\users\taewo\desktop\directxsamples\3d\debug\3d.obj
c:\users\taewo\desktop\directxsamples\3d\debug\sdkmisc.obj
c:\users\taewo\desktop\directxsamples\3d\debug\sdkmesh.obj
c:\users\taewo\desktop\directxsamples\3d\debug\dxutsettingsdlg.obj
c:\users\taewo\desktop\directxsamples\3d\debug\dxutres.obj
c:\users\taewo\desktop\directxsamples\3d\debug\dxutgui.obj
c:\users\taewo\desktop\directxsamples\3d\debug\dxutcamera.obj
c:\users\taewo\desktop\directxsamples\3d\debug\dxutmisc.obj
c:\users\taewo\desktop\directxsamples\3d\debug\dxutenum.obj
c:\users\taewo\desktop\directxsamples\3d\debug\timer.obj
c:\users\taewo\desktop\directxsamples\3d\debug\scenemanager.obj
c:\users\taewo\desktop\directxsamples\3d\debug\scene.obj
c:\users\taewo\desktop\directxsamples\3d\debug\render2dmanager.obj
c:\users\taewo\desktop\directxsamples\3d\debug\objectmanager.obj
c:\users\taewo\desktop\directxsamples\3d\debug\object.obj
c:\users\taewo\desktop\directxsamples\3d\debug\main.obj
c:\users\taewo\desktop\directxsamples\3d\debug\cimagemanager.obj
c:\users\taewo\desktop\directxsamples\3d\debug\cammanager.obj
c:\users\taewo\desktop\directxsamples\3d\debug\soundmanager.obj
c:\users\taewo\desktop\directxsamples\3d\debug\sdkwavefile.obj
c:\users\taewo\desktop\directxsamples\3d\debug\sdksound.obj
c:\users\taewo\desktop\directxsamples\3d\debug\exobject.obj
c:\users\taewo\desktop\directxsamples\3d\debug\exscene.obj
c:\users\taewo\desktop\directxsamples\3d\debug\titlescene.obj
c:\users\taewo\desktop\directxsamples\3d\debug\math.obj
c:\users\taewo\desktop\directxsamples\3d\debug\ingamescenesmall.obj
c:\users\taewo\desktop\directxsamples\3d\debug\stdafx.obj
c:\users\taewo\desktop\directxsamples\3d\debug\block.obj
c:\users\taewo\desktop\directxsamples\3d\debug\3d.pch
c:\users\taewo\desktop\directxsamples\3d\debug\dxut.obj
c:\users\taewo\desktop\directxsamples\3d\debug\3d.ilk
c:\users\taewo\desktop\directxsamples\3d\debug\3d.exe
c:\users\taewo\desktop\directxsamples\3d\debug\3d.pdb
c:\users\taewo\desktop\directxsamples\3d\debug\3d.res
c:\users\taewo\desktop\directxsamples\3d\debug\3d.tlog\cl.command.1.tlog
c:\users\taewo\desktop\directxsamples\3d\debug\3d.tlog\cl.read.1.tlog
c:\users\taewo\desktop\directxsamples\3d\debug\3d.tlog\cl.write.1.tlog
c:\users\taewo\desktop\directxsamples\3d\debug\3d.tlog\link.command.1.tlog
c:\users\taewo\desktop\directxsamples\3d\debug\3d.tlog\link.read.1.tlog
c:\users\taewo\desktop\directxsamples\3d\debug\3d.tlog\link.write.1.tlog
c:\users\taewo\desktop\directxsamples\3d\debug\3d.tlog\rc.command.1.tlog
c:\users\taewo\desktop\directxsamples\3d\debug\3d.tlog\rc.read.1.tlog
c:\users\taewo\desktop\directxsamples\3d\debug\3d.tlog\rc.write.1.tlog
