00:28  INFO: Extracting files from Accessories/
00:28 TRACE: Acc_HandsOff_1.xnb
00:28  INFO: Extracting files from Accessories/
00:28 TRACE: Acc_HandsOff_10.xnb
00:28  INFO: Extracting files from Accessories/
00:28 TRACE: Acc_HandsOff_11.xnb
00:28  INFO: Extracting files from Accessories/
00:28 TRACE: Acc_HandsOff_12.xnb
00:28  INFO: Extracting files from Accessories/
00:28 TRACE: Acc_HandsOff_13.xnb
00:28  INFO: Extracting files from Accessories/
00:28 TRACE: Acc_HandsOff_2.xnb
00:28  INFO: Extracting files from Accessories/
00:28 TRACE: Acc_HandsOff_3.xnb
00:29  INFO: Extracting files from Accessories/
00:29 TRACE: Acc_HandsOff_4.xnb
00:29  INFO: Extracting files from Accessories/
00:29 TRACE: Acc_HandsOff_5.xnb
00:29  INFO: Extracting files from Accessories/
00:29 TRACE: Acc_HandsOff_6.xnb
00:29  INFO: Extracting files from Accessories/
00:29 TRACE: Acc_HandsOff_7.xnb
00:29  INFO: Extracting files from Accessories/
00:29 TRACE: Acc_HandsOff_8.xnb
00:29  INFO: Extracting files from Accessories/
00:29 TRACE: Acc_HandsOff_9.xnb
00:29  INFO: Extracting files from Accessories/
00:29 TRACE: Acc_HandsOn_1.xnb
00:29  INFO: Extracting files from Accessories/
00:29 TRACE: Acc_HandsOn_10.xnb
00:29  INFO: Extracting files from Accessories/
00:29 TRACE: Acc_HandsOn_11.xnb
00:29  INFO: Extracting files from Accessories/
00:29 TRACE: Acc_HandsOn_12.xnb
00:29  INFO: Extracting files from Accessories/
00:29 TRACE: Acc_HandsOn_13.xnb
00:29  INFO: Extracting files from Accessories/
00:29 TRACE: Acc_HandsOn_14.xnb
00:29  INFO: Extracting files from Accessories/
00:29 TRACE: Acc_HandsOn_15.xnb
00:29  INFO: Extracting files from Accessories/
00:29 TRACE: Acc_HandsOn_16.xnb
00:29  INFO: Extracting files from Accessories/
00:29 TRACE: Acc_HandsOn_17.xnb
00:29  INFO: Extracting files from Accessories/
00:29 TRACE: Acc_HandsOn_18.xnb
00:29  INFO: Extracting files from Accessories/
00:29 TRACE: Acc_HandsOn_19.xnb
00:29  INFO: Extracting files from Accessories/
00:29 TRACE: Acc_HandsOn_2.xnb
00:29  INFO: Extracting files from Accessories/
00:29 TRACE: Acc_HandsOn_20.xnb
00:29  INFO: Extracting files from Accessories/
00:29 TRACE: Acc_HandsOn_21.xnb
00:29  INFO: Extracting files from Accessories/
00:29 TRACE: Acc_HandsOn_3.xnb
00:29  INFO: Extracting files from Accessories/
00:29 TRACE: Acc_HandsOn_4.xnb
00:29  INFO: Extracting files from Accessories/
00:29 TRACE: Acc_HandsOn_5.xnb
00:29  INFO: Extracting files from Accessories/
00:29 TRACE: Acc_HandsOn_6.xnb
00:29  INFO: Extracting files from Accessories/
00:29 TRACE: Acc_HandsOn_7.xnb
00:29  INFO: Extracting files from Accessories/
00:29 TRACE: Acc_HandsOn_8.xnb
00:29  INFO: Extracting files from Accessories/
00:29 TRACE: Acc_HandsOn_9.xnb
00:32  INFO: Extracting files from Armor/
00:32 TRACE: Armor_1.xnb
00:32  INFO: Extracting files from Armor/
00:32 TRACE: Armor_10.xnb
00:32  INFO: Extracting files from Armor/
00:32 TRACE: Armor_100.xnb
00:32  INFO: Extracting files from Armor/
00:32 TRACE: Armor_101.xnb
00:32  INFO: Extracting files from Armor/
00:32 TRACE: Armor_102.xnb
00:32  INFO: Extracting files from Armor/
00:32 TRACE: Armor_103.xnb
00:32  INFO: Extracting files from Armor/
00:32 TRACE: Armor_104.xnb
00:32  INFO: Extracting files from Armor/
00:32 TRACE: Armor_105.xnb
00:32  INFO: Extracting files from Armor/
00:32 TRACE: Armor_106.xnb
00:32  INFO: Extracting files from Armor/
00:32 TRACE: Armor_11.xnb
00:33  INFO: Extracting files from Armor/
00:33 TRACE: Armor_12.xnb
00:33  INFO: Extracting files from Armor/
00:33 TRACE: Armor_13.xnb
00:33  INFO: Extracting files from Armor/
00:33 TRACE: Armor_14.xnb
00:33  INFO: Extracting files from Armor/
00:33 TRACE: Armor_15.xnb
00:33  INFO: Extracting files from Armor/
00:33 TRACE: Armor_16.xnb
00:33  INFO: Extracting files from Armor/
00:33 TRACE: Armor_165.xnb
00:33  INFO: Extracting files from Armor/
00:33 TRACE: Armor_166.xnb
00:33  INFO: Extracting files from Armor/
00:33 TRACE: Armor_167.xnb
00:33  INFO: Extracting files from Armor/
00:33 TRACE: Armor_168.xnb
00:33  INFO: Extracting files from Armor/
00:33 TRACE: Armor_169.xnb
00:33  INFO: Extracting files from Armor/
00:33 TRACE: Armor_17.xnb
00:33  INFO: Extracting files from Armor/
00:33 TRACE: Armor_170.xnb
00:33  INFO: Extracting files from Armor/
00:33 TRACE: Armor_171.xnb
00:33  INFO: Extracting files from Armor/
00:33 TRACE: Armor_172.xnb
00:33  INFO: Extracting files from Armor/
00:33 TRACE: Armor_173.xnb
00:33  INFO: Extracting files from Armor/
00:33 TRACE: Armor_174.xnb
00:33  INFO: Extracting files from Armor/
00:33 TRACE: Armor_175.xnb
00:33  INFO: Extracting files from Armor/
00:33 TRACE: Armor_176.xnb
00:33  INFO: Extracting files from Armor/
00:33 TRACE: Armor_177.xnb
00:33  INFO: Extracting files from Armor/
00:33 TRACE: Armor_178.xnb
00:33  INFO: Extracting files from Armor/
00:33 TRACE: Armor_179.xnb
00:33  INFO: Extracting files from Armor/
00:33 TRACE: Armor_18.xnb
00:33  INFO: Extracting files from Armor/
00:33 TRACE: Armor_180.xnb
00:33  INFO: Extracting files from Armor/
00:33 TRACE: Armor_181.xnb
00:33  INFO: Extracting files from Armor/
00:33 TRACE: Armor_182.xnb
00:33  INFO: Extracting files from Armor/
00:33 TRACE: Armor_183.xnb
00:33  INFO: Extracting files from Armor/
00:33 TRACE: Armor_184.xnb
00:33  INFO: Extracting files from Armor/
00:33 TRACE: Armor_185.xnb
00:33  INFO: Extracting files from Armor/
00:33 TRACE: Armor_186.xnb
00:33  INFO: Extracting files from Armor/
00:33 TRACE: Armor_187.xnb
00:33  INFO: Extracting files from Armor/
00:33 TRACE: Armor_188.xnb
00:33  INFO: Extracting files from Armor/
00:33 TRACE: Armor_189.xnb
00:33  INFO: Extracting files from Armor/
00:33 TRACE: Armor_19.xnb
00:33  INFO: Extracting files from Armor/
00:33 TRACE: Armor_190.xnb
00:33  INFO: Extracting files from Armor/
00:33 TRACE: Armor_191.xnb
00:33  INFO: Extracting files from Armor/
00:33 TRACE: Armor_192.xnb
00:33  INFO: Extracting files from Armor/
00:33 TRACE: Armor_193.xnb
00:33  INFO: Extracting files from Armor/
00:33 TRACE: Armor_194.xnb
00:33  INFO: Extracting files from Armor/
00:33 TRACE: Armor_195.xnb
00:33  INFO: Extracting files from Armor/
00:33 TRACE: Armor_196.xnb
00:33  INFO: Extracting files from Armor/
00:33 TRACE: Armor_197.xnb
00:33  INFO: Extracting files from Armor/
00:33 TRACE: Armor_198.xnb
00:33  INFO: Extracting files from Armor/
00:33 TRACE: Armor_199.xnb
00:33  INFO: Extracting files from Armor/
00:33 TRACE: Armor_2.xnb
00:33  INFO: Extracting files from Armor/
00:33 TRACE: Armor_20.xnb
00:33  INFO: Extracting files from Armor/
00:33 TRACE: Armor_200.xnb
00:33  INFO: Extracting files from Armor/
00:33 TRACE: Armor_201.xnb
00:33  INFO: Extracting files from Armor/
00:33 TRACE: Armor_202.xnb
00:33  INFO: Extracting files from Armor/
00:33 TRACE: Armor_203.xnb
00:33  INFO: Extracting files from Armor/
00:33 TRACE: Armor_204.xnb
00:33  INFO: Extracting files from Armor/
00:33 TRACE: Armor_205.xnb
00:33  INFO: Extracting files from Armor/
00:33 TRACE: Armor_206.xnb
00:33  INFO: Extracting files from Armor/
00:33 TRACE: Armor_207.xnb
00:33  INFO: Extracting files from Armor/
00:33 TRACE: Armor_208.xnb
00:33  INFO: Extracting files from Armor/
00:33 TRACE: Armor_209.xnb
00:34  INFO: Extracting files from Armor/
00:34 TRACE: Armor_21.xnb
00:34  INFO: Extracting files from Armor/
00:34 TRACE: Armor_210.xnb
00:34  INFO: Extracting files from Armor/
00:34 TRACE: Armor_211.xnb
00:34  INFO: Extracting files from Armor/
00:34 TRACE: Armor_212.xnb
00:34  INFO: Extracting files from Armor/
00:34 TRACE: Armor_213.xnb
00:34  INFO: Extracting files from Armor/
00:34 TRACE: Armor_214.xnb
00:34  INFO: Extracting files from Armor/
00:34 TRACE: Armor_215.xnb
00:34  INFO: Extracting files from Armor/
00:34 TRACE: Armor_216.xnb
00:34  INFO: Extracting files from Armor/
00:34 TRACE: Armor_217.xnb
00:34  INFO: Extracting files from Armor/
00:34 TRACE: Armor_218.xnb
00:34  INFO: Extracting files from Armor/
00:34 TRACE: Armor_219.xnb
00:34  INFO: Extracting files from Armor/
00:34 TRACE: Armor_22.xnb
00:34  INFO: Extracting files from Armor/
00:34 TRACE: Armor_220.xnb
00:34  INFO: Extracting files from Armor/
00:34 TRACE: Armor_221.xnb
00:34  INFO: Extracting files from Armor/
00:34 TRACE: Armor_222.xnb
00:34  INFO: Extracting files from Armor/
00:34 TRACE: Armor_223.xnb
00:34  INFO: Extracting files from Armor/
00:34 TRACE: Armor_224.xnb
00:34  INFO: Extracting files from Armor/
00:34 TRACE: Armor_225.xnb
00:34  INFO: Extracting files from Armor/
00:34 TRACE: Armor_226.xnb
00:34  INFO: Extracting files from Armor/
00:34 TRACE: Armor_227.xnb
00:34  INFO: Extracting files from Armor/
00:34 TRACE: Armor_228.xnb
00:34  INFO: Extracting files from Armor/
00:34 TRACE: Armor_229.xnb
00:34  INFO: Extracting files from Armor/
00:34 TRACE: Armor_23.xnb
00:34  INFO: Extracting files from Armor/
00:34 TRACE: Armor_230.xnb
00:34  INFO: Extracting files from Armor/
00:34 TRACE: Armor_231.xnb
00:34  INFO: Extracting files from Armor/
00:34 TRACE: Armor_232.xnb
00:34  INFO: Extracting files from Armor/
00:34 TRACE: Armor_233.xnb
00:34  INFO: Extracting files from Armor/
00:34 TRACE: Armor_234.xnb
00:34  INFO: Extracting files from Armor/
00:34 TRACE: Armor_24.xnb
00:34  INFO: Extracting files from Armor/
00:34 TRACE: Armor_25.xnb
00:34  INFO: Extracting files from Armor/
00:34 TRACE: Armor_26.xnb
00:34  INFO: Extracting files from Armor/
00:34 TRACE: Armor_27.xnb
00:34  INFO: Extracting files from Armor/
00:34 TRACE: Armor_28.xnb
00:34  INFO: Extracting files from Armor/
00:34 TRACE: Armor_29.xnb
00:34  INFO: Extracting files from Armor/
00:34 TRACE: Armor_3.xnb
00:34  INFO: Extracting files from Armor/
00:34 TRACE: Armor_30.xnb
00:34  INFO: Extracting files from Armor/
00:34 TRACE: Armor_31.xnb
00:34  INFO: Extracting files from Armor/
00:34 TRACE: Armor_32.xnb
00:34  INFO: Extracting files from Armor/
00:34 TRACE: Armor_33.xnb
00:34  INFO: Extracting files from Armor/
00:34 TRACE: Armor_34.xnb
00:34  INFO: Extracting files from Armor/
00:34 TRACE: Armor_35.xnb
00:34  INFO: Extracting files from Armor/
00:34 TRACE: Armor_36.xnb
00:34  INFO: Extracting files from Armor/
00:34 TRACE: Armor_37.xnb
00:34  INFO: Extracting files from Armor/
00:34 TRACE: Armor_38.xnb
00:34  INFO: Extracting files from Armor/
00:34 TRACE: Armor_39.xnb
00:34  INFO: Extracting files from Armor/
00:34 TRACE: Armor_4.xnb
00:34  INFO: Extracting files from Armor/
00:34 TRACE: Armor_40.xnb
00:34  INFO: Extracting files from Armor/
00:34 TRACE: Armor_41.xnb
00:34  INFO: Extracting files from Armor/
00:34 TRACE: Armor_42.xnb
00:34  INFO: Extracting files from Armor/
00:34 TRACE: Armor_43.xnb
00:34  INFO: Extracting files from Armor/
00:34 TRACE: Armor_44.xnb
00:34  INFO: Extracting files from Armor/
00:34 TRACE: Armor_45.xnb
00:34  INFO: Extracting files from Armor/
00:34 TRACE: Armor_46.xnb
00:34  INFO: Extracting files from Armor/
00:34 TRACE: Armor_47.xnb
00:34  INFO: Extracting files from Armor/
00:34 TRACE: Armor_48.xnb
00:34  INFO: Extracting files from Armor/
00:34 TRACE: Armor_49.xnb
00:34  INFO: Extracting files from Armor/
00:34 TRACE: Armor_5.xnb
00:34  INFO: Extracting files from Armor/
00:34 TRACE: Armor_50.xnb
00:34  INFO: Extracting files from Armor/
00:34 TRACE: Armor_51.xnb
00:34  INFO: Extracting files from Armor/
00:34 TRACE: Armor_52.xnb
00:34  INFO: Extracting files from Armor/
00:34 TRACE: Armor_53.xnb
00:34  INFO: Extracting files from Armor/
00:34 TRACE: Armor_54.xnb
00:34  INFO: Extracting files from Armor/
00:34 TRACE: Armor_55.xnb
00:34  INFO: Extracting files from Armor/
00:34 TRACE: Armor_56.xnb
00:34  INFO: Extracting files from Armor/
00:34 TRACE: Armor_57.xnb
00:34  INFO: Extracting files from Armor/
00:34 TRACE: Armor_58.xnb
00:34  INFO: Extracting files from Armor/
00:34 TRACE: Armor_59.xnb
00:35  INFO: Extracting files from Armor/
00:35 TRACE: Armor_6.xnb
00:35  INFO: Extracting files from Armor/
00:35 TRACE: Armor_60.xnb
00:35  INFO: Extracting files from Armor/
00:35 TRACE: Armor_61.xnb
00:35  INFO: Extracting files from Armor/
00:35 TRACE: Armor_62.xnb
00:35  INFO: Extracting files from Armor/
00:35 TRACE: Armor_63.xnb
00:35  INFO: Extracting files from Armor/
00:35 TRACE: Armor_64.xnb
00:35  INFO: Extracting files from Armor/
00:35 TRACE: Armor_65.xnb
00:35  INFO: Extracting files from Armor/
00:35 TRACE: Armor_66.xnb
00:35  INFO: Extracting files from Armor/
00:35 TRACE: Armor_67.xnb
00:35  INFO: Extracting files from Armor/
00:35 TRACE: Armor_68.xnb
00:35  INFO: Extracting files from Armor/
00:35 TRACE: Armor_69.xnb
00:35  INFO: Extracting files from Armor/
00:35 TRACE: Armor_7.xnb
00:35  INFO: Extracting files from Armor/
00:35 TRACE: Armor_70.xnb
00:35  INFO: Extracting files from Armor/
00:35 TRACE: Armor_71.xnb
00:35  INFO: Extracting files from Armor/
00:35 TRACE: Armor_72.xnb
00:35  INFO: Extracting files from Armor/
00:35 TRACE: Armor_73.xnb
00:35  INFO: Extracting files from Armor/
00:35 TRACE: Armor_74.xnb
00:35  INFO: Extracting files from Armor/
00:35 TRACE: Armor_75.xnb
00:35  INFO: Extracting files from Armor/
00:35 TRACE: Armor_76.xnb
00:35  INFO: Extracting files from Armor/
00:35 TRACE: Armor_77.xnb
00:35  INFO: Extracting files from Armor/
00:35 TRACE: Armor_78.xnb
00:35  INFO: Extracting files from Armor/
00:35 TRACE: Armor_79.xnb
00:35  INFO: Extracting files from Armor/
00:35 TRACE: Armor_8.xnb
00:35  INFO: Extracting files from Armor/
00:35 TRACE: Armor_80.xnb
00:35  INFO: Extracting files from Armor/
00:35 TRACE: Armor_81.xnb
00:35  INFO: Extracting files from Armor/
00:35 TRACE: Armor_82.xnb
00:35  INFO: Extracting files from Armor/
00:35 TRACE: Armor_83.xnb
00:35  INFO: Extracting files from Armor/
00:35 TRACE: Armor_84.xnb
00:35  INFO: Extracting files from Armor/
00:35 TRACE: Armor_85.xnb
00:35  INFO: Extracting files from Armor/
00:35 TRACE: Armor_86.xnb
00:35  INFO: Extracting files from Armor/
00:35 TRACE: Armor_87.xnb
00:35  INFO: Extracting files from Armor/
00:35 TRACE: Armor_88.xnb
00:35  INFO: Extracting files from Armor/
00:35 TRACE: Armor_89.xnb
00:35  INFO: Extracting files from Armor/
00:35 TRACE: Armor_9.xnb
00:35  INFO: Extracting files from Armor/
00:35 TRACE: Armor_90.xnb
00:35  INFO: Extracting files from Armor/
00:35 TRACE: Armor_91.xnb
00:35  INFO: Extracting files from Armor/
00:35 TRACE: Armor_92.xnb
00:35  INFO: Extracting files from Armor/
00:35 TRACE: Armor_93.xnb
00:35  INFO: Extracting files from Armor/
00:35 TRACE: Armor_94.xnb
00:35  INFO: Extracting files from Armor/
00:35 TRACE: Armor_95.xnb
00:35  INFO: Extracting files from Armor/
00:35 TRACE: Armor_96.xnb
00:35  INFO: Extracting files from Armor/
00:35 TRACE: Armor_97.xnb
00:35  INFO: Extracting files from Armor/
00:35 TRACE: Armor_98.xnb
00:35  INFO: Extracting files from Armor/
00:35 TRACE: Armor_99.xnb
00:43  INFO: Extracting files from Backgrounds/
00:43 TRACE: Ambience
00:43  INFO: Extracting files from Backgrounds\Ambience/
00:43 TRACE: AirBalloons_Large.xnb
00:43  INFO: Extracting files from Backgrounds\Ambience/
00:43 TRACE: AirBalloons_Small.xnb
00:43  INFO: Extracting files from Backgrounds\Ambience/
00:43 TRACE: Bat1.xnb
00:43  INFO: Extracting files from Backgrounds\Ambience/
00:43 TRACE: Bat2.xnb
00:43  INFO: Extracting files from Backgrounds\Ambience/
00:43 TRACE: Bat3.xnb
00:43  INFO: Extracting files from Backgrounds\Ambience/
00:43 TRACE: BirdsVShape.xnb
00:43  INFO: Extracting files from Backgrounds\Ambience/
00:43 TRACE: BoneSerpant.xnb
00:43  INFO: Extracting files from Backgrounds\Ambience/
00:43 TRACE: ButterflySwarm1.xnb
00:43  INFO: Extracting files from Backgrounds\Ambience/
00:43 TRACE: ButterflySwarm2.xnb
00:43  INFO: Extracting files from Backgrounds\Ambience/
00:43 TRACE: Crimera1.xnb
00:43  INFO: Extracting files from Backgrounds\Ambience/
00:43 TRACE: Crimera2.xnb
00:43  INFO: Extracting files from Backgrounds\Ambience/
00:43 TRACE: Crimera3.xnb
00:43  INFO: Extracting files from Backgrounds\Ambience/
00:43 TRACE: EOC.xnb
00:43  INFO: Extracting files from Backgrounds\Ambience/
00:43 TRACE: EOS1.xnb
00:43  INFO: Extracting files from Backgrounds\Ambience/
00:43 TRACE: EOS2.xnb
00:43  INFO: Extracting files from Backgrounds\Ambience/
00:43 TRACE: EOS3.xnb
00:43  INFO: Extracting files from Backgrounds\Ambience/
00:43 TRACE: FlyingShip.xnb
00:43  INFO: Extracting files from Backgrounds\Ambience/
00:43 TRACE: Gastropod.xnb
00:43  INFO: Extracting files from Backgrounds\Ambience/
00:43 TRACE: HellBat1.xnb
00:43  INFO: Extracting files from Backgrounds\Ambience/
00:43 TRACE: HellBat2.xnb
00:43  INFO: Extracting files from Backgrounds\Ambience/
00:43 TRACE: LostKite.xnb
00:43  INFO: Extracting files from Backgrounds\Ambience/
00:43 TRACE: Meteor.xnb
00:43  INFO: Extracting files from Backgrounds\Ambience/
00:43 TRACE: Pegasus.xnb
00:43  INFO: Extracting files from Backgrounds\Ambience/
00:43 TRACE: PixiePosse1.xnb
00:43  INFO: Extracting files from Backgrounds\Ambience/
00:43 TRACE: PixiePosse2.xnb
00:43  INFO: Extracting files from Backgrounds\Ambience/
00:43 TRACE: Seagull.xnb
00:43  INFO: Extracting files from Backgrounds\Ambience/
00:43 TRACE: SlimeBalloons.xnb
00:43  INFO: Extracting files from Backgrounds\Ambience/
00:43 TRACE: Vulture.xnb
00:43  INFO: Extracting files from Backgrounds\Ambience/
00:43 TRACE: Wyvern.xnb
00:43  INFO: Extracting files from Backgrounds/
00:43 TRACE: Underworld 0.xnb
00:43  INFO: Extracting files from Backgrounds/
00:43 TRACE: Underworld 1.xnb
00:43  INFO: Extracting files from Backgrounds/
00:43 TRACE: Underworld 10.xnb
00:44  INFO: Extracting files from Backgrounds/
00:44 TRACE: Underworld 11.xnb
00:44  INFO: Extracting files from Backgrounds/
00:44 TRACE: Underworld 12.xnb
00:44  INFO: Extracting files from Backgrounds/
00:44 TRACE: Underworld 13.xnb
00:44  INFO: Extracting files from Backgrounds/
00:44 TRACE: Underworld 2.xnb
00:44  INFO: Extracting files from Backgrounds/
00:44 TRACE: Underworld 3.xnb
00:44  INFO: Extracting files from Backgrounds/
00:44 TRACE: Underworld 4.xnb
00:44  INFO: Extracting files from Backgrounds/
00:44 TRACE: Underworld 5.xnb
00:44  INFO: Extracting files from Backgrounds/
00:44 TRACE: Underworld 6.xnb
00:44  INFO: Extracting files from Backgrounds/
00:44 TRACE: Underworld 7.xnb
00:45  INFO: Extracting files from Backgrounds/
00:45 TRACE: Underworld 8.xnb
00:45  INFO: Extracting files from Backgrounds/
00:45 TRACE: Underworld 9.xnb
01:54  INFO: Extracting files from Misc/
01:54 TRACE: GolfBallOutline.xnb
01:54  INFO: Extracting files from Misc/
01:54 TRACE: MoonExplosion
01:54  INFO: Extracting files from Misc\MoonExplosion/
01:54 TRACE: Explosion.xnb
01:54  INFO: Extracting files from Misc\MoonExplosion/
01:54 TRACE: Head.xnb
01:54  INFO: Extracting files from Misc\MoonExplosion/
01:54 TRACE: Shoulder.xnb
01:54  INFO: Extracting files from Misc\MoonExplosion/
01:54 TRACE: Spine.xnb
01:54  INFO: Extracting files from Misc\MoonExplosion/
01:54 TRACE: Torso.xnb
01:54  INFO: Extracting files from Misc/
01:54 TRACE: NebulaSky
01:54  INFO: Extracting files from Misc\NebulaSky/
01:54 TRACE: Background.xnb
01:54  INFO: Extracting files from Misc\NebulaSky/
01:54 TRACE: Beam.xnb
01:54  INFO: Extracting files from Misc\NebulaSky/
01:54 TRACE: Planet.xnb
01:54  INFO: Extracting files from Misc\NebulaSky/
01:54 TRACE: Rock_0.xnb
01:54  INFO: Extracting files from Misc\NebulaSky/
01:54 TRACE: Rock_1.xnb
01:54  INFO: Extracting files from Misc\NebulaSky/
01:54 TRACE: Rock_2.xnb
01:54  INFO: Extracting files from Misc/
01:54 TRACE: noise.xnb
01:54  INFO: Extracting files from Misc/
01:54 TRACE: Perlin.xnb
01:54  INFO: Extracting files from Misc/
01:54 TRACE: Ripples.xnb
01:54  INFO: Extracting files from Misc/
01:54 TRACE: Sky_Slime_1.xnb
01:54  INFO: Extracting files from Misc/
01:54 TRACE: Sky_Slime_2.xnb
01:54  INFO: Extracting files from Misc/
01:54 TRACE: Sky_Slime_3.xnb
01:54  INFO: Extracting files from Misc/
01:54 TRACE: Sky_Slime_4.xnb
01:54  INFO: Extracting files from Misc/
01:54 TRACE: SolarSky
01:54  INFO: Extracting files from Misc\SolarSky/
01:54 TRACE: Background.xnb
01:54  INFO: Extracting files from Misc\SolarSky/
01:54 TRACE: Meteor.xnb
01:54  INFO: Extracting files from Misc\SolarSky/
01:54 TRACE: Planet.xnb
01:54  INFO: Extracting files from Misc/
01:54 TRACE: StarDustSky
01:54  INFO: Extracting files from Misc\StarDustSky/
01:54 TRACE: Background.xnb
01:54  INFO: Extracting files from Misc\StarDustSky/
01:54 TRACE: Planet.xnb
01:55  INFO: Extracting files from Misc\StarDustSky/
01:55 TRACE: Star 0.xnb
01:55  INFO: Extracting files from Misc\StarDustSky/
01:55 TRACE: Star 1.xnb
01:55  INFO: Extracting files from Misc/
01:55 TRACE: TileOutlines
01:55  INFO: Extracting files from Misc\TileOutlines/
01:55 TRACE: Tiles_10.xnb
01:55  INFO: Extracting files from Misc\TileOutlines/
01:55 TRACE: Tiles_102.xnb
01:55  INFO: Extracting files from Misc\TileOutlines/
01:55 TRACE: Tiles_104.xnb
01:55  INFO: Extracting files from Misc\TileOutlines/
01:55 TRACE: Tiles_11.xnb
01:55  INFO: Extracting files from Misc\TileOutlines/
01:55 TRACE: Tiles_125.xnb
01:55  INFO: Extracting files from Misc\TileOutlines/
01:55 TRACE: Tiles_132.xnb
01:55  INFO: Extracting files from Misc\TileOutlines/
01:55 TRACE: Tiles_136.xnb
01:55  INFO: Extracting files from Misc\TileOutlines/
01:55 TRACE: Tiles_139.xnb
01:55  INFO: Extracting files from Misc\TileOutlines/
01:55 TRACE: Tiles_144.xnb
01:55  INFO: Extracting files from Misc\TileOutlines/
01:55 TRACE: Tiles_15.xnb
01:55  INFO: Extracting files from Misc\TileOutlines/
01:55 TRACE: Tiles_207.xnb
01:55  INFO: Extracting files from Misc\TileOutlines/
01:55 TRACE: Tiles_209.xnb
01:55  INFO: Extracting files from Misc\TileOutlines/
01:55 TRACE: Tiles_21.xnb
01:55  INFO: Extracting files from Misc\TileOutlines/
01:55 TRACE: Tiles_212.xnb
01:55  INFO: Extracting files from Misc\TileOutlines/
01:55 TRACE: Tiles_215.xnb
01:55  INFO: Extracting files from Misc\TileOutlines/
01:55 TRACE: Tiles_216.xnb
01:55  INFO: Extracting files from Misc\TileOutlines/
01:55 TRACE: Tiles_237.xnb
01:55  INFO: Extracting files from Misc\TileOutlines/
01:55 TRACE: Tiles_287.xnb
01:55  INFO: Extracting files from Misc\TileOutlines/
01:55 TRACE: Tiles_29.xnb
01:55  INFO: Extracting files from Misc\TileOutlines/
01:55 TRACE: Tiles_335.xnb
01:55  INFO: Extracting files from Misc\TileOutlines/
01:55 TRACE: Tiles_338.xnb
01:55  INFO: Extracting files from Misc\TileOutlines/
01:55 TRACE: Tiles_354.xnb
01:55  INFO: Extracting files from Misc\TileOutlines/
01:55 TRACE: Tiles_356.xnb
01:55  INFO: Extracting files from Misc\TileOutlines/
01:55 TRACE: Tiles_377.xnb
01:55  INFO: Extracting files from Misc\TileOutlines/
01:55 TRACE: Tiles_386.xnb
01:55  INFO: Extracting files from Misc\TileOutlines/
01:55 TRACE: Tiles_387.xnb
01:55  INFO: Extracting files from Misc\TileOutlines/
01:55 TRACE: Tiles_388.xnb
01:55  INFO: Extracting files from Misc\TileOutlines/
01:55 TRACE: Tiles_389.xnb
01:55  INFO: Extracting files from Misc\TileOutlines/
01:55 TRACE: Tiles_410.xnb
01:55  INFO: Extracting files from Misc\TileOutlines/
01:55 TRACE: Tiles_411.xnb
01:55  INFO: Extracting files from Misc\TileOutlines/
01:55 TRACE: Tiles_425.xnb
01:55  INFO: Extracting files from Misc\TileOutlines/
01:55 TRACE: Tiles_441.xnb
01:55  INFO: Extracting files from Misc\TileOutlines/
01:55 TRACE: Tiles_455.xnb
01:55  INFO: Extracting files from Misc\TileOutlines/
01:55 TRACE: Tiles_463.xnb
01:55  INFO: Extracting files from Misc\TileOutlines/
01:55 TRACE: Tiles_467.xnb
01:55  INFO: Extracting files from Misc\TileOutlines/
01:55 TRACE: Tiles_468.xnb
01:55  INFO: Extracting files from Misc\TileOutlines/
01:55 TRACE: Tiles_470.xnb
01:55  INFO: Extracting files from Misc\TileOutlines/
01:55 TRACE: Tiles_475.xnb
01:55  INFO: Extracting files from Misc\TileOutlines/
01:55 TRACE: Tiles_480.xnb
01:55  INFO: Extracting files from Misc\TileOutlines/
01:55 TRACE: Tiles_487.xnb
01:55  INFO: Extracting files from Misc\TileOutlines/
01:55 TRACE: Tiles_494.xnb
01:55  INFO: Extracting files from Misc\TileOutlines/
01:55 TRACE: Tiles_497.xnb
01:55  INFO: Extracting files from Misc\TileOutlines/
01:55 TRACE: Tiles_509.xnb
01:55  INFO: Extracting files from Misc\TileOutlines/
01:55 TRACE: Tiles_510.xnb
01:55  INFO: Extracting files from Misc\TileOutlines/
01:55 TRACE: Tiles_511.xnb
01:55  INFO: Extracting files from Misc\TileOutlines/
01:55 TRACE: Tiles_55.xnb
01:55  INFO: Extracting files from Misc\TileOutlines/
01:55 TRACE: Tiles_621.xnb
01:55  INFO: Extracting files from Misc\TileOutlines/
01:55 TRACE: Tiles_79.xnb
01:55  INFO: Extracting files from Misc\TileOutlines/
01:55 TRACE: Tiles_85.xnb
01:55  INFO: Extracting files from Misc\TileOutlines/
01:55 TRACE: Tiles_88.xnb
01:55  INFO: Extracting files from Misc\TileOutlines/
01:55 TRACE: Tiles_89.xnb
01:55  INFO: Extracting files from Misc\TileOutlines/
01:55 TRACE: Tiles_97.xnb
01:55  INFO: Extracting files from Misc/
01:55 TRACE: VortexSky
01:55  INFO: Extracting files from Misc\VortexSky/
01:55 TRACE: Background.xnb
01:55  INFO: Extracting files from Misc\VortexSky/
01:55 TRACE: Bolt.xnb
01:55  INFO: Extracting files from Misc\VortexSky/
01:55 TRACE: Flash.xnb
01:55  INFO: Extracting files from Misc\VortexSky/
01:55 TRACE: Planet.xnb
01:55  INFO: Extracting files from Misc/
01:55 TRACE: water_0.xnb
01:55  INFO: Extracting files from Misc/
01:55 TRACE: water_1.xnb
01:55  INFO: Extracting files from Misc/
01:55 TRACE: water_10.xnb
01:55  INFO: Extracting files from Misc/
01:55 TRACE: water_11.xnb
01:55  INFO: Extracting files from Misc/
01:55 TRACE: water_12.xnb
01:56  INFO: Extracting files from Misc/
01:56 TRACE: water_2.xnb
01:56  INFO: Extracting files from Misc/
01:56 TRACE: water_3.xnb
01:56  INFO: Extracting files from Misc/
01:56 TRACE: water_4.xnb
01:56  INFO: Extracting files from Misc/
01:56 TRACE: water_5.xnb
01:56  INFO: Extracting files from Misc/
01:56 TRACE: water_6.xnb
01:56  INFO: Extracting files from Misc/
01:56 TRACE: water_7.xnb
01:56  INFO: Extracting files from Misc/
01:56 TRACE: water_8.xnb
01:56  INFO: Extracting files from Misc/
01:56 TRACE: water_9.xnb
02:23  INFO: Extracting files from SplashScreens/
02:23 TRACE: ResonanceArray.xnb
02:23  INFO: Extracting files from SplashScreens/
02:23 TRACE: Splash_0.xnb
02:23  INFO: Extracting files from SplashScreens/
02:23 TRACE: Splash_1.xnb
02:24  INFO: Extracting files from SplashScreens/
02:24 TRACE: Splash_1_0.xnb
02:24  INFO: Extracting files from SplashScreens/
02:24 TRACE: Splash_1_1.xnb
02:24  INFO: Extracting files from SplashScreens/
02:24 TRACE: Splash_1_2.xnb
02:24  INFO: Extracting files from SplashScreens/
02:24 TRACE: Splash_2_0.xnb
02:24  INFO: Extracting files from SplashScreens/
02:24 TRACE: Splash_2_1.xnb
02:24  INFO: Extracting files from SplashScreens/
02:24 TRACE: Splash_2_2.xnb
02:24  INFO: Extracting files from SplashScreens/
02:24 TRACE: Splash_3_0.xnb
02:25  INFO: Extracting files from SplashScreens/
02:25 TRACE: Splash_3_1.xnb
02:25  INFO: Extracting files from SplashScreens/
02:25 TRACE: Splash_3_2.xnb
02:25  INFO: Extracting files from SplashScreens/
02:25 TRACE: Splash_4_0.xnb
02:25  INFO: Extracting files from SplashScreens/
02:25 TRACE: Splash_4_1.xnb
02:25  INFO: Extracting files from SplashScreens/
02:25 TRACE: Splash_4_2.xnb
02:25  INFO: Extracting files from SplashScreens/
02:25 TRACE: Splash_5_0.xnb
02:26  INFO: Extracting files from SplashScreens/
02:26 TRACE: Splash_5_1.xnb
02:26  INFO: Extracting files from SplashScreens/
02:26 TRACE: Splash_5_2.xnb
02:26  INFO: Extracting files from SplashScreens/
02:26 TRACE: Splash_6_0.xnb
02:26  INFO: Extracting files from SplashScreens/
02:26 TRACE: Splash_6_1.xnb
02:26  INFO: Extracting files from SplashScreens/
02:26 TRACE: Splash_6_2.xnb
02:26  INFO: Extracting files from SplashScreens/
02:26 TRACE: Splash_7_0.xnb
02:27  INFO: Extracting files from SplashScreens/
02:27 TRACE: Splash_7_1.xnb
02:27  INFO: Extracting files from SplashScreens/
02:27 TRACE: Splash_7_2.xnb
02:27  INFO: Extracting files from SplashScreens/
02:27 TRACE: Splash_8_0.xnb
02:27  INFO: Extracting files from SplashScreens/
02:27 TRACE: Splash_8_1.xnb
02:27  INFO: Extracting files from SplashScreens/
02:27 TRACE: Splash_8_2.xnb
02:27  INFO: Extracting files from SplashScreens/
02:27 TRACE: Splash_9_0.xnb
02:28  INFO: Extracting files from SplashScreens/
02:28 TRACE: Splash_9_1.xnb
02:28  INFO: Extracting files from SplashScreens/
02:28 TRACE: Splash_9_2.xnb
02:40  INFO: Extracting files from TownNPCs/
02:40 TRACE: Angler_Default.xnb
02:40  INFO: Extracting files from TownNPCs/
02:40 TRACE: Angler_Default_Party.xnb
02:40  INFO: Extracting files from TownNPCs/
02:40 TRACE: BestiaryGirl_Default.xnb
02:40  INFO: Extracting files from TownNPCs/
02:40 TRACE: BestiaryGirl_Default_Transformed.xnb
02:40  INFO: Extracting files from TownNPCs/
02:40 TRACE: Bunny_Angora.xnb
02:40  INFO: Extracting files from TownNPCs/
02:40 TRACE: Bunny_Dutch.xnb
02:40  INFO: Extracting files from TownNPCs/
02:40 TRACE: Bunny_Flemish.xnb
02:41  INFO: Extracting files from TownNPCs/
02:41 TRACE: Bunny_Lop.xnb
02:41  INFO: Extracting files from TownNPCs/
02:41 TRACE: Bunny_Silver.xnb
02:41  INFO: Extracting files from TownNPCs/
02:41 TRACE: Bunny_White.xnb
02:41  INFO: Extracting files from TownNPCs/
02:41 TRACE: Cat_Black.xnb
02:41  INFO: Extracting files from TownNPCs/
02:41 TRACE: Cat_OrangeTabby.xnb
02:41  INFO: Extracting files from TownNPCs/
02:41 TRACE: Cat_RussianBlue.xnb
02:41  INFO: Extracting files from TownNPCs/
02:41 TRACE: Cat_Siamese.xnb
02:41  INFO: Extracting files from TownNPCs/
02:41 TRACE: Cat_Silver.xnb
02:41  INFO: Extracting files from TownNPCs/
02:41 TRACE: Cat_White.xnb
02:41  INFO: Extracting files from TownNPCs/
02:41 TRACE: Clothier_Default.xnb
02:41  INFO: Extracting files from TownNPCs/
02:41 TRACE: Clothier_Default_Party.xnb
02:41  INFO: Extracting files from TownNPCs/
02:41 TRACE: Cyborg_Default.xnb
02:41  INFO: Extracting files from TownNPCs/
02:41 TRACE: Cyborg_Default_Party.xnb
02:41  INFO: Extracting files from TownNPCs/
02:41 TRACE: Demolitionist_Default.xnb
02:41  INFO: Extracting files from TownNPCs/
02:41 TRACE: Demolitionist_Default_Party.xnb
02:41  INFO: Extracting files from TownNPCs/
02:41 TRACE: Dog_Beagle.xnb
02:41  INFO: Extracting files from TownNPCs/
02:41 TRACE: Dog_Corgi.xnb
02:41  INFO: Extracting files from TownNPCs/
02:41 TRACE: Dog_Dalmation.xnb
02:41  INFO: Extracting files from TownNPCs/
02:41 TRACE: Dog_Husky.xnb
02:41  INFO: Extracting files from TownNPCs/
02:41 TRACE: Dog_Labrador.xnb
02:41  INFO: Extracting files from TownNPCs/
02:41 TRACE: Dog_PitBull.xnb
02:41  INFO: Extracting files from TownNPCs/
02:41 TRACE: DyeTrader_Default.xnb
02:41  INFO: Extracting files from TownNPCs/
02:41 TRACE: DyeTrader_Default_Party.xnb
02:41  INFO: Extracting files from TownNPCs/
02:41 TRACE: Golfer_Default.xnb
02:41  INFO: Extracting files from TownNPCs/
02:41 TRACE: Golfer_Default_Party.xnb
02:41  INFO: Extracting files from TownNPCs/
02:41 TRACE: Mechanic_Default.xnb
02:41  INFO: Extracting files from TownNPCs/
02:41 TRACE: Mechanic_Default_Party.xnb
02:41  INFO: Extracting files from TownNPCs/
02:41 TRACE: Merchant_Default.xnb
02:41  INFO: Extracting files from TownNPCs/
02:41 TRACE: Merchant_Default_Party.xnb
02:41  INFO: Extracting files from TownNPCs/
02:41 TRACE: Nurse_Default.xnb
02:41  INFO: Extracting files from TownNPCs/
02:41 TRACE: Nurse_Default_Party.xnb
02:41  INFO: Extracting files from TownNPCs/
02:41 TRACE: Painter_Default.xnb
02:41  INFO: Extracting files from TownNPCs/
02:41 TRACE: Painter_Default_Party.xnb
02:41  INFO: Extracting files from TownNPCs/
02:41 TRACE: Pirate_Default.xnb
02:41  INFO: Extracting files from TownNPCs/
02:41 TRACE: Pirate_Default_Party.xnb
02:41  INFO: Extracting files from TownNPCs/
02:41 TRACE: Santa_Default.xnb
02:41  INFO: Extracting files from TownNPCs/
02:41 TRACE: Santa_Default_Party.xnb
02:41  INFO: Extracting files from TownNPCs/
02:41 TRACE: SkeletonMerchant_Default.xnb
02:41  INFO: Extracting files from TownNPCs/
02:41 TRACE: SkeletonMerchant_Default_Party.xnb
02:41  INFO: Extracting files from TownNPCs/
02:41 TRACE: Steampunker_Default.xnb
02:41  INFO: Extracting files from TownNPCs/
02:41 TRACE: Steampunker_Default_Party.xnb
02:41  INFO: Extracting files from TownNPCs/
02:41 TRACE: Stylist_Default.xnb
02:41  INFO: Extracting files from TownNPCs/
02:41 TRACE: Stylist_Default_Party.xnb
02:41  INFO: Extracting files from TownNPCs/
02:41 TRACE: TaxCollector_Default.xnb
02:41  INFO: Extracting files from TownNPCs/
02:41 TRACE: TaxCollector_Default_Party.xnb
02:41  INFO: Extracting files from TownNPCs/
02:41 TRACE: TravelingMerchant_Default.xnb
02:41  INFO: Extracting files from TownNPCs/
02:41 TRACE: TravelingMerchant_Default_Party.xnb
02:41  INFO: Extracting files from TownNPCs/
02:41 TRACE: Wizard_Default.xnb
02:41  INFO: Extracting files from TownNPCs/
02:41 TRACE: Wizard_Default_Party.xnb
02:42  INFO: Extracting files from UI/
02:42 TRACE: Achievements.xnb
02:42  INFO: Extracting files from UI/
02:42 TRACE: Achievement_Borders.xnb
02:42  INFO: Extracting files from UI/
02:42 TRACE: Achievement_Borders_MouseHover.xnb
02:42  INFO: Extracting files from UI/
02:42 TRACE: Achievement_Borders_MouseHoverThin.xnb
02:42  INFO: Extracting files from UI/
02:42 TRACE: Achievement_Categories.xnb
02:42  INFO: Extracting files from UI/
02:42 TRACE: Achievement_InnerPanelBottom.xnb
02:42  INFO: Extracting files from UI/
02:42 TRACE: Achievement_InnerPanelBottom_Large.xnb
02:42  INFO: Extracting files from UI/
02:42 TRACE: Achievement_InnerPanelTop.xnb
02:43  INFO: Extracting files from UI/
02:43 TRACE: Bestiary
02:43  INFO: Extracting files from UI\Bestiary/
02:43 TRACE: Biome_Hallow.xnb
02:43  INFO: Extracting files from UI\Bestiary/
02:43 TRACE: Button_Back.xnb
02:43  INFO: Extracting files from UI\Bestiary/
02:43 TRACE: Button_Border.xnb
02:43  INFO: Extracting files from UI\Bestiary/
02:43 TRACE: Button_Filtering.xnb
02:43  INFO: Extracting files from UI\Bestiary/
02:43 TRACE: Button_Forward.xnb
02:43  INFO: Extracting files from UI\Bestiary/
02:43 TRACE: Button_Search.xnb
02:43  INFO: Extracting files from UI\Bestiary/
02:43 TRACE: Button_Search_Border.xnb
02:43  INFO: Extracting files from UI\Bestiary/
02:43 TRACE: Button_Sorting.xnb
02:43  INFO: Extracting files from UI\Bestiary/
02:43 TRACE: Button_Wide_Border.xnb
02:43  INFO: Extracting files from UI\Bestiary/
02:43 TRACE: Icon_Locked.xnb
02:43  INFO: Extracting files from UI\Bestiary/
02:43 TRACE: Icon_Rank_Dim.xnb
02:43  INFO: Extracting files from UI\Bestiary/
02:43 TRACE: Icon_Rank_Light.xnb
02:43  INFO: Extracting files from UI\Bestiary/
02:43 TRACE: Icon_Tags_Shadow.xnb
02:43  INFO: Extracting files from UI\Bestiary/
02:43 TRACE: NPCs
02:43  INFO: Extracting files from UI\Bestiary\NPCs/
02:43 TRACE: NPC_10.xnb
02:43  INFO: Extracting files from UI\Bestiary\NPCs/
02:43 TRACE: NPC_113.xnb
02:43  INFO: Extracting files from UI\Bestiary\NPCs/
02:43 TRACE: NPC_115.xnb
02:43  INFO: Extracting files from UI\Bestiary\NPCs/
02:43 TRACE: NPC_117.xnb
02:43  INFO: Extracting files from UI\Bestiary\NPCs/
02:43 TRACE: NPC_127.xnb
02:43  INFO: Extracting files from UI\Bestiary\NPCs/
02:43 TRACE: NPC_13.xnb
02:43  INFO: Extracting files from UI\Bestiary\NPCs/
02:43 TRACE: NPC_134.xnb
02:43  INFO: Extracting files from UI\Bestiary\NPCs/
02:43 TRACE: NPC_245.xnb
02:43  INFO: Extracting files from UI\Bestiary\NPCs/
02:43 TRACE: NPC_259.xnb
02:43  INFO: Extracting files from UI\Bestiary\NPCs/
02:43 TRACE: NPC_260.xnb
02:43  INFO: Extracting files from UI\Bestiary\NPCs/
02:43 TRACE: NPC_39.xnb
02:43  INFO: Extracting files from UI\Bestiary\NPCs/
02:43 TRACE: NPC_395.xnb
02:43  INFO: Extracting files from UI\Bestiary\NPCs/
02:43 TRACE: NPC_398.xnb
02:43  INFO: Extracting files from UI\Bestiary\NPCs/
02:43 TRACE: NPC_402.xnb
02:43  INFO: Extracting files from UI\Bestiary\NPCs/
02:43 TRACE: NPC_412.xnb
02:43  INFO: Extracting files from UI\Bestiary\NPCs/
02:43 TRACE: NPC_454.xnb
02:43  INFO: Extracting files from UI\Bestiary\NPCs/
02:43 TRACE: NPC_491.xnb
02:43  INFO: Extracting files from UI\Bestiary\NPCs/
02:43 TRACE: NPC_510.xnb
02:43  INFO: Extracting files from UI\Bestiary\NPCs/
02:43 TRACE: NPC_513.xnb
02:43  INFO: Extracting files from UI\Bestiary\NPCs/
02:43 TRACE: NPC_594.xnb
02:43  INFO: Extracting files from UI\Bestiary\NPCs/
02:43 TRACE: NPC_621.xnb
02:43  INFO: Extracting files from UI\Bestiary\NPCs/
02:43 TRACE: NPC_7.xnb
02:43  INFO: Extracting files from UI\Bestiary\NPCs/
02:43 TRACE: NPC_87.xnb
02:43  INFO: Extracting files from UI\Bestiary\NPCs/
02:43 TRACE: NPC_95.xnb
02:43  INFO: Extracting files from UI\Bestiary\NPCs/
02:43 TRACE: NPC_98.xnb
02:43  INFO: Extracting files from UI\Bestiary\NPCs/
02:43 TRACE: Test.xnb
02:43  INFO: Extracting files from UI\Bestiary/
02:43 TRACE: Portrait_Front.xnb
02:43  INFO: Extracting files from UI\Bestiary/
02:43 TRACE: Slot_Back.xnb
02:43  INFO: Extracting files from UI\Bestiary/
02:43 TRACE: Slot_Front.xnb
02:43  INFO: Extracting files from UI\Bestiary/
02:43 TRACE: Slot_Overlay.xnb
02:43  INFO: Extracting files from UI\Bestiary/
02:43 TRACE: Slot_Selection.xnb
02:43  INFO: Extracting files from UI\Bestiary/
02:43 TRACE: Stat_Attack.xnb
02:43  INFO: Extracting files from UI\Bestiary/
02:43 TRACE: Stat_Copper.xnb
02:43  INFO: Extracting files from UI\Bestiary/
02:43 TRACE: Stat_Defense.xnb
02:43  INFO: Extracting files from UI\Bestiary/
02:43 TRACE: Stat_Gold.xnb
02:43  INFO: Extracting files from UI\Bestiary/
02:43 TRACE: Stat_HP.xnb
02:43  INFO: Extracting files from UI\Bestiary/
02:43 TRACE: Stat_Knockback.xnb
02:43  INFO: Extracting files from UI\Bestiary/
02:43 TRACE: Stat_Panel.xnb
02:43  INFO: Extracting files from UI\Bestiary/
02:43 TRACE: Stat_Platinum.xnb
02:43  INFO: Extracting files from UI\Bestiary/
02:43 TRACE: Stat_Silver.xnb
02:43  INFO: Extracting files from UI/
02:43 TRACE: Bestiary.xnb
02:43  INFO: Extracting files from UI/
02:43 TRACE: BlockReplace_0.xnb
02:43  INFO: Extracting files from UI/
02:43 TRACE: BlockReplace_1.xnb
02:43  INFO: Extracting files from UI/
02:43 TRACE: BuilderIcons.xnb
02:43  INFO: Extracting files from UI/
02:43 TRACE: ButtonCloudActive.xnb
02:43  INFO: Extracting files from UI/
02:43 TRACE: ButtonCloudInactive.xnb
02:43  INFO: Extracting files from UI/
02:43 TRACE: ButtonDelete.xnb
02:43  INFO: Extracting files from UI/
02:43 TRACE: ButtonFavoriteActive.xnb
02:43  INFO: Extracting files from UI/
02:43 TRACE: ButtonFavoriteInactive.xnb
02:43  INFO: Extracting files from UI/
02:43 TRACE: ButtonPlay.xnb
02:43  INFO: Extracting files from UI/
02:43 TRACE: ButtonSeed.xnb
02:43  INFO: Extracting files from UI/
02:43 TRACE: Camera_0.xnb
02:43  INFO: Extracting files from UI/
02:43 TRACE: Camera_1.xnb
02:43  INFO: Extracting files from UI/
02:43 TRACE: Camera_2.xnb
02:43  INFO: Extracting files from UI/
02:43 TRACE: Camera_3.xnb
02:43  INFO: Extracting files from UI/
02:43 TRACE: Camera_4.xnb
02:43  INFO: Extracting files from UI/
02:43 TRACE: Camera_5.xnb
02:43  INFO: Extracting files from UI/
02:43 TRACE: Camera_6.xnb
02:43  INFO: Extracting files from UI/
02:43 TRACE: Camera_7.xnb
02:43  INFO: Extracting files from UI/
02:43 TRACE: CharCreation
02:43  INFO: Extracting files from UI\CharCreation/
02:43 TRACE: CategoryPanel.xnb
02:43  INFO: Extracting files from UI\CharCreation/
02:43 TRACE: CategoryPanelBorder.xnb
02:43  INFO: Extracting files from UI\CharCreation/
02:43 TRACE: CategoryPanelHighlight.xnb
02:43  INFO: Extracting files from UI\CharCreation/
02:43 TRACE: CharInfo.xnb
02:43  INFO: Extracting files from UI\CharCreation/
02:43 TRACE: ClothStyleFemale.xnb
02:43  INFO: Extracting files from UI\CharCreation/
02:43 TRACE: ClothStyleMale.xnb
02:43  INFO: Extracting files from UI\CharCreation/
02:43 TRACE: ColorEye.xnb
02:43  INFO: Extracting files from UI\CharCreation/
02:43 TRACE: ColorEyeBack.xnb
02:43  INFO: Extracting files from UI\CharCreation/
02:43 TRACE: ColorHair.xnb
02:43  INFO: Extracting files from UI\CharCreation/
02:43 TRACE: ColorPants.xnb
02:43  INFO: Extracting files from UI\CharCreation/
02:43 TRACE: ColorShirt.xnb
02:43  INFO: Extracting files from UI\CharCreation/
02:43 TRACE: ColorShoes.xnb
02:43  INFO: Extracting files from UI\CharCreation/
02:43 TRACE: ColorSkin.xnb
02:43  INFO: Extracting files from UI\CharCreation/
02:43 TRACE: ColorUndershirt.xnb
02:43  INFO: Extracting files from UI\CharCreation/
02:43 TRACE: Copy.xnb
02:43  INFO: Extracting files from UI\CharCreation/
02:43 TRACE: HairStyle_Arrow.xnb
02:43  INFO: Extracting files from UI\CharCreation/
02:43 TRACE: HairStyle_Hair.xnb
02:43  INFO: Extracting files from UI\CharCreation/
02:43 TRACE: PanelGrayscale.xnb
02:43  INFO: Extracting files from UI\CharCreation/
02:43 TRACE: Paste.xnb
02:43  INFO: Extracting files from UI\CharCreation/
02:43 TRACE: Randomize.xnb
02:43  INFO: Extracting files from UI\CharCreation/
02:43 TRACE: Separator1.xnb
02:43  INFO: Extracting files from UI\CharCreation/
02:43 TRACE: Separator2.xnb
02:43  INFO: Extracting files from UI\CharCreation/
02:43 TRACE: SmallPanel.xnb
02:43  INFO: Extracting files from UI\CharCreation/
02:43 TRACE: SmallPanelBorder.xnb
02:43  INFO: Extracting files from UI/
02:43 TRACE: Craft_Toggle_0.xnb
02:43  INFO: Extracting files from UI/
02:43 TRACE: Craft_Toggle_1.xnb
02:43  INFO: Extracting files from UI/
02:43 TRACE: Craft_Toggle_2.xnb
02:43  INFO: Extracting files from UI/
02:43 TRACE: Craft_Toggle_3.xnb
02:43  INFO: Extracting files from UI/
02:43 TRACE: Creative
02:43  INFO: Extracting files from UI\Creative/
02:43 TRACE: Infinite_Icons.xnb
02:43  INFO: Extracting files from UI\Creative/
02:43 TRACE: Infinite_Powers.xnb
02:43  INFO: Extracting files from UI\Creative/
02:43 TRACE: Infinite_Tabs_A.xnb
02:43  INFO: Extracting files from UI\Creative/
02:43 TRACE: Infinite_Tabs_B.xnb
02:43  INFO: Extracting files from UI\Creative/
02:43 TRACE: Journey_Toggle.xnb
02:43  INFO: Extracting files from UI\Creative/
02:43 TRACE: Journey_Toggle_MouseOver.xnb
02:43  INFO: Extracting files from UI\Creative/
02:43 TRACE: Research_FramedPistons.xnb
02:43  INFO: Extracting files from UI\Creative/
02:43 TRACE: Research_GearA.xnb
02:43  INFO: Extracting files from UI\Creative/
02:43 TRACE: Research_GearB.xnb
02:43  INFO: Extracting files from UI\Creative/
02:43 TRACE: Research_GearC.xnb
02:43  INFO: Extracting files from UI\Creative/
02:43 TRACE: Research_Slots.xnb
02:43  INFO: Extracting files from UI\Creative/
02:43 TRACE: Research_Spark.xnb
02:43  INFO: Extracting files from UI/
02:43 TRACE: Cursor_0.xnb
02:43  INFO: Extracting files from UI/
02:43 TRACE: Cursor_1.xnb
02:43  INFO: Extracting files from UI/
02:43 TRACE: Cursor_10.xnb
02:43  INFO: Extracting files from UI/
02:43 TRACE: Cursor_11.xnb
02:43  INFO: Extracting files from UI/
02:43 TRACE: Cursor_12.xnb
02:43  INFO: Extracting files from UI/
02:43 TRACE: Cursor_13.xnb
02:43  INFO: Extracting files from UI/
02:43 TRACE: Cursor_14.xnb
02:43  INFO: Extracting files from UI/
02:43 TRACE: Cursor_15.xnb
02:43  INFO: Extracting files from UI/
02:43 TRACE: Cursor_16.xnb
02:43  INFO: Extracting files from UI/
02:43 TRACE: Cursor_17.xnb
02:43  INFO: Extracting files from UI/
02:43 TRACE: Cursor_2.xnb
02:43  INFO: Extracting files from UI/
02:43 TRACE: Cursor_3.xnb
02:43  INFO: Extracting files from UI/
02:43 TRACE: Cursor_4.xnb
02:43  INFO: Extracting files from UI/
02:43 TRACE: Cursor_5.xnb
02:43  INFO: Extracting files from UI/
02:43 TRACE: Cursor_6.xnb
02:43  INFO: Extracting files from UI/
02:43 TRACE: Cursor_7.xnb
02:43  INFO: Extracting files from UI/
02:43 TRACE: Cursor_8.xnb
02:43  INFO: Extracting files from UI/
02:43 TRACE: Cursor_9.xnb
02:43  INFO: Extracting files from UI/
02:43 TRACE: DefaultResourcePackIcon.xnb
02:43  INFO: Extracting files from UI/
02:43 TRACE: DisplaySlots_0.xnb
02:43  INFO: Extracting files from UI/
02:43 TRACE: DisplaySlots_1.xnb
02:43  INFO: Extracting files from UI/
02:43 TRACE: DisplaySlots_10.xnb
02:44  INFO: Extracting files from UI/
02:44 TRACE: DisplaySlots_2.xnb
02:44  INFO: Extracting files from UI/
02:44 TRACE: DisplaySlots_3.xnb
02:44  INFO: Extracting files from UI/
02:44 TRACE: DisplaySlots_4.xnb
02:44  INFO: Extracting files from UI/
02:44 TRACE: DisplaySlots_5.xnb
02:44  INFO: Extracting files from UI/
02:44 TRACE: DisplaySlots_6.xnb
02:44  INFO: Extracting files from UI/
02:44 TRACE: DisplaySlots_7.xnb
02:44  INFO: Extracting files from UI/
02:44 TRACE: DisplaySlots_8.xnb
02:44  INFO: Extracting files from UI/
02:44 TRACE: DisplaySlots_9.xnb
02:44  INFO: Extracting files from UI/
02:44 TRACE: Divider.xnb
02:44  INFO: Extracting files from UI/
02:44 TRACE: EmoteBubbleBorder.xnb
02:44  INFO: Extracting files from UI/
02:44 TRACE: Emotes.xnb
02:44  INFO: Extracting files from UI/
02:44 TRACE: Glyphs_0.xnb
02:44  INFO: Extracting files from UI/
02:44 TRACE: GolfBall_Arrow.xnb
02:44  INFO: Extracting files from UI/
02:44 TRACE: GolfBall_Arrow_Shadow.xnb
02:44  INFO: Extracting files from UI/
02:44 TRACE: GolfBall_Map.xnb
02:44  INFO: Extracting files from UI/
02:44 TRACE: GolfSwingBarFill.xnb
02:44  INFO: Extracting files from UI/
02:44 TRACE: GolfSwingBarPanel.xnb
02:44  INFO: Extracting files from UI/
02:44 TRACE: HotbarRadial_0.xnb
02:44  INFO: Extracting files from UI/
02:44 TRACE: HotbarRadial_1.xnb
02:44  INFO: Extracting files from UI/
02:44 TRACE: HotbarRadial_2.xnb
02:44  INFO: Extracting files from UI/
02:44 TRACE: House_Banner.xnb
02:44  INFO: Extracting files from UI/
02:44 TRACE: IconCorruption.xnb
02:44  INFO: Extracting files from UI/
02:44 TRACE: IconCorruptionCrimson.xnb
02:44  INFO: Extracting files from UI/
02:44 TRACE: IconCrimson.xnb
02:44  INFO: Extracting files from UI/
02:44 TRACE: IconHallowCorruption.xnb
02:44  INFO: Extracting files from UI/
02:44 TRACE: IconHallowCorruptionCrimson.xnb
02:44  INFO: Extracting files from UI/
02:44 TRACE: IconHallowCrimson.xnb
02:44  INFO: Extracting files from UI/
02:44 TRACE: InfoIcon_0.xnb
02:44  INFO: Extracting files from UI/
02:44 TRACE: InfoIcon_1.xnb
02:44  INFO: Extracting files from UI/
02:44 TRACE: InfoIcon_10.xnb
02:44  INFO: Extracting files from UI/
02:44 TRACE: InfoIcon_11.xnb
02:44  INFO: Extracting files from UI/
02:44 TRACE: InfoIcon_12.xnb
02:44  INFO: Extracting files from UI/
02:44 TRACE: InfoIcon_13.xnb
02:44  INFO: Extracting files from UI/
02:44 TRACE: InfoIcon_2.xnb
02:44  INFO: Extracting files from UI/
02:44 TRACE: InfoIcon_3.xnb
02:44  INFO: Extracting files from UI/
02:44 TRACE: InfoIcon_4.xnb
02:44  INFO: Extracting files from UI/
02:44 TRACE: InfoIcon_5.xnb
02:44  INFO: Extracting files from UI/
02:44 TRACE: InfoIcon_6.xnb
02:44  INFO: Extracting files from UI/
02:44 TRACE: InfoIcon_7.xnb
02:44  INFO: Extracting files from UI/
02:44 TRACE: InfoIcon_8.xnb
02:44  INFO: Extracting files from UI/
02:44 TRACE: InfoIcon_9.xnb
02:44  INFO: Extracting files from UI/
02:44 TRACE: InnerPanelBackground.xnb
02:44  INFO: Extracting files from UI/
02:44 TRACE: LockOn_Cursor.xnb
02:44  INFO: Extracting files from UI/
02:44 TRACE: MapPing.xnb
02:44  INFO: Extracting files from UI/
02:44 TRACE: Minimap
02:44  INFO: Extracting files from UI\Minimap/
02:44 TRACE: Default
02:44  INFO: Extracting files from UI\Minimap\Default/
02:44 TRACE: MinimapButton_Reset.xnb
02:44  INFO: Extracting files from UI\Minimap\Default/
02:44 TRACE: MinimapButton_ZoomIn.xnb
02:44  INFO: Extracting files from UI\Minimap\Default/
02:44 TRACE: MinimapButton_ZoomOut.xnb
02:44  INFO: Extracting files from UI\Minimap\Default/
02:44 TRACE: MinimapFrame.xnb
02:44  INFO: Extracting files from UI\Minimap/
02:44 TRACE: Golden
02:44  INFO: Extracting files from UI\Minimap\Golden/
02:44 TRACE: MinimapButton_Reset.xnb
02:44  INFO: Extracting files from UI\Minimap\Golden/
02:44 TRACE: MinimapButton_ZoomIn.xnb
02:44  INFO: Extracting files from UI\Minimap\Golden/
02:44 TRACE: MinimapButton_ZoomOut.xnb
02:44  INFO: Extracting files from UI\Minimap\Golden/
02:44 TRACE: MinimapFrame.xnb
02:44  INFO: Extracting files from UI\Minimap/
02:44 TRACE: Leaf
02:44  INFO: Extracting files from UI\Minimap\Leaf/
02:44 TRACE: MinimapButton_Reset.xnb
02:44  INFO: Extracting files from UI\Minimap\Leaf/
02:44 TRACE: MinimapButton_ZoomIn.xnb
02:44  INFO: Extracting files from UI\Minimap\Leaf/
02:44 TRACE: MinimapButton_ZoomOut.xnb
02:44  INFO: Extracting files from UI\Minimap\Leaf/
02:44 TRACE: MinimapFrame.xnb
02:44  INFO: Extracting files from UI\Minimap/
02:44 TRACE: Remix
02:44  INFO: Extracting files from UI\Minimap\Remix/
02:44 TRACE: MinimapButton_Reset.xnb
02:44  INFO: Extracting files from UI\Minimap\Remix/
02:44 TRACE: MinimapButton_ZoomIn.xnb
02:44  INFO: Extracting files from UI\Minimap\Remix/
02:44 TRACE: MinimapButton_ZoomOut.xnb
02:44  INFO: Extracting files from UI\Minimap\Remix/
02:44 TRACE: MinimapFrame.xnb
02:44  INFO: Extracting files from UI\Minimap/
02:44 TRACE: Retro
02:44  INFO: Extracting files from UI\Minimap\Retro/
02:44 TRACE: MinimapButton_Reset.xnb
02:44  INFO: Extracting files from UI\Minimap\Retro/
02:44 TRACE: MinimapButton_ZoomIn.xnb
02:44  INFO: Extracting files from UI\Minimap\Retro/
02:44 TRACE: MinimapButton_ZoomOut.xnb
02:44  INFO: Extracting files from UI\Minimap\Retro/
02:44 TRACE: MinimapFrame.xnb
02:44  INFO: Extracting files from UI\Minimap/
02:44 TRACE: Sticks
02:44  INFO: Extracting files from UI\Minimap\Sticks/
02:44 TRACE: MinimapButton_Reset.xnb
02:44  INFO: Extracting files from UI\Minimap\Sticks/
02:44 TRACE: MinimapButton_ZoomIn.xnb
02:44  INFO: Extracting files from UI\Minimap\Sticks/
02:44 TRACE: MinimapButton_ZoomOut.xnb
02:44  INFO: Extracting files from UI\Minimap\Sticks/
02:44 TRACE: MinimapFrame.xnb
02:44  INFO: Extracting files from UI\Minimap/
02:44 TRACE: StoneGold
02:44  INFO: Extracting files from UI\Minimap\StoneGold/
02:44 TRACE: MinimapButton_Reset.xnb
02:44  INFO: Extracting files from UI\Minimap\StoneGold/
02:44 TRACE: MinimapButton_ZoomIn.xnb
02:44  INFO: Extracting files from UI\Minimap\StoneGold/
02:44 TRACE: MinimapButton_ZoomOut.xnb
02:44  INFO: Extracting files from UI\Minimap\StoneGold/
02:44 TRACE: MinimapFrame.xnb
02:44  INFO: Extracting files from UI\Minimap/
02:44 TRACE: TwigLeaf
02:44  INFO: Extracting files from UI\Minimap\TwigLeaf/
02:44 TRACE: MinimapButton_Reset.xnb
02:44  INFO: Extracting files from UI\Minimap\TwigLeaf/
02:44 TRACE: MinimapButton_ZoomIn.xnb
02:44  INFO: Extracting files from UI\Minimap\TwigLeaf/
02:44 TRACE: MinimapButton_ZoomOut.xnb
02:44  INFO: Extracting files from UI\Minimap\TwigLeaf/
02:44 TRACE: MinimapFrame.xnb
02:44  INFO: Extracting files from UI\Minimap/
02:44 TRACE: Valkyrie
02:44  INFO: Extracting files from UI\Minimap\Valkyrie/
02:44 TRACE: MinimapButton_Reset.xnb
02:44  INFO: Extracting files from UI\Minimap\Valkyrie/
02:44 TRACE: MinimapButton_ZoomIn.xnb
02:44  INFO: Extracting files from UI\Minimap\Valkyrie/
02:44 TRACE: MinimapButton_ZoomOut.xnb
02:44  INFO: Extracting files from UI\Minimap\Valkyrie/
02:44 TRACE: MinimapFrame.xnb
02:44  INFO: Extracting files from UI/
02:44 TRACE: OnePixel.xnb
02:44  INFO: Extracting files from UI/
02:44 TRACE: PanelBackground.xnb
02:44  INFO: Extracting files from UI/
02:44 TRACE: PanelBorder.xnb
02:44  INFO: Extracting files from UI/
02:44 TRACE: PlayerBackground.xnb
02:44  INFO: Extracting files from UI/
02:44 TRACE: PlayerResourceSets
02:44  INFO: Extracting files from UI\PlayerResourceSets/
02:44 TRACE: FancyClassic
02:44  INFO: Extracting files from UI\PlayerResourceSets\FancyClassic/
02:44 TRACE: Heart_Fill.xnb
02:44  INFO: Extracting files from UI\PlayerResourceSets\FancyClassic/
02:44 TRACE: Heart_Fill_B.xnb
02:44  INFO: Extracting files from UI\PlayerResourceSets\FancyClassic/
02:44 TRACE: Heart_Left.xnb
02:44  INFO: Extracting files from UI\PlayerResourceSets\FancyClassic/
02:44 TRACE: Heart_Middle.xnb
02:44  INFO: Extracting files from UI\PlayerResourceSets\FancyClassic/
02:44 TRACE: Heart_Right.xnb
02:44  INFO: Extracting files from UI\PlayerResourceSets\FancyClassic/
02:44 TRACE: Heart_Right_Fancy.xnb
02:44  INFO: Extracting files from UI\PlayerResourceSets\FancyClassic/
02:44 TRACE: Heart_Single_Fancy.xnb
02:44  INFO: Extracting files from UI\PlayerResourceSets\FancyClassic/
02:44 TRACE: Star_A.xnb
02:44  INFO: Extracting files from UI\PlayerResourceSets\FancyClassic/
02:44 TRACE: Star_B.xnb
02:44  INFO: Extracting files from UI\PlayerResourceSets\FancyClassic/
02:44 TRACE: Star_C.xnb
02:44  INFO: Extracting files from UI\PlayerResourceSets\FancyClassic/
02:44 TRACE: Star_Fill.xnb
02:44  INFO: Extracting files from UI\PlayerResourceSets\FancyClassic/
02:44 TRACE: Star_Single.xnb
02:44  INFO: Extracting files from UI\PlayerResourceSets/
02:44 TRACE: HorizontalBars
02:44  INFO: Extracting files from UI\PlayerResourceSets\HorizontalBars/
02:44 TRACE: HP_Fill.xnb
02:44  INFO: Extracting files from UI\PlayerResourceSets\HorizontalBars/
02:44 TRACE: HP_Fill_Honey.xnb
02:44  INFO: Extracting files from UI\PlayerResourceSets\HorizontalBars/
02:44 TRACE: HP_Panel_Middle.xnb
02:44  INFO: Extracting files from UI\PlayerResourceSets\HorizontalBars/
02:44 TRACE: HP_Panel_Right.xnb
02:44  INFO: Extracting files from UI\PlayerResourceSets\HorizontalBars/
02:44 TRACE: MP_Fill.xnb
02:44  INFO: Extracting files from UI\PlayerResourceSets\HorizontalBars/
02:44 TRACE: MP_Panel_Middle.xnb
02:44  INFO: Extracting files from UI\PlayerResourceSets\HorizontalBars/
02:44 TRACE: MP_Panel_Right.xnb
02:44  INFO: Extracting files from UI\PlayerResourceSets\HorizontalBars/
02:44 TRACE: Panel_Left.xnb
02:44  INFO: Extracting files from UI/
02:44 TRACE: PVP_0.xnb
02:44  INFO: Extracting files from UI/
02:44 TRACE: PVP_1.xnb
02:44  INFO: Extracting files from UI/
02:44 TRACE: PVP_2.xnb
02:44  INFO: Extracting files from UI/
02:44 TRACE: Radial.xnb
02:44  INFO: Extracting files from UI/
02:44 TRACE: Reforge_0.xnb
02:44  INFO: Extracting files from UI/
02:44 TRACE: Reforge_1.xnb
02:44  INFO: Extracting files from UI/
02:44 TRACE: Scrollbar.xnb
02:44  INFO: Extracting files from UI/
02:44 TRACE: ScrollbarInner.xnb
02:44  INFO: Extracting files from UI/
02:44 TRACE: Settings_Inputs.xnb
02:44  INFO: Extracting files from UI/
02:44 TRACE: Settings_Inputs_2.xnb
02:44  INFO: Extracting files from UI/
02:44 TRACE: Settings_Inputs_2_Border.xnb
02:44  INFO: Extracting files from UI/
02:44 TRACE: Settings_Inputs_Border.xnb
02:44  INFO: Extracting files from UI/
02:44 TRACE: Settings_Panel.xnb
02:44  INFO: Extracting files from UI/
02:44 TRACE: Settings_Panel_2.xnb
02:44  INFO: Extracting files from UI/
02:44 TRACE: Settings_Toggle.xnb
02:44  INFO: Extracting files from UI/
02:44 TRACE: Slider_Highlight.xnb
02:44  INFO: Extracting files from UI/
02:44 TRACE: Sort_0.xnb
02:44  INFO: Extracting files from UI/
02:44 TRACE: Sort_1.xnb
02:44  INFO: Extracting files from UI/
02:44 TRACE: SpawnBed.xnb
02:44  INFO: Extracting files from UI/
02:44 TRACE: SpawnPoint.xnb
02:44  INFO: Extracting files from UI/
02:44 TRACE: Sunflower_Loading.xnb
02:44  INFO: Extracting files from UI/
02:44 TRACE: TexturePackButtons.xnb
02:44  INFO: Extracting files from UI/
02:44 TRACE: UI_BossBar.xnb
02:44  INFO: Extracting files from UI/
02:44 TRACE: UI_quickicon1.xnb
02:44  INFO: Extracting files from UI/
02:44 TRACE: VK_Backspace.xnb
02:44  INFO: Extracting files from UI/
02:44 TRACE: VK_Shift.xnb
02:44  INFO: Extracting files from UI/
02:44 TRACE: Wires_0.xnb
02:44  INFO: Extracting files from UI/
02:44 TRACE: Wires_1.xnb
02:44  INFO: Extracting files from UI/
02:44 TRACE: Wires_10.xnb
02:44  INFO: Extracting files from UI/
02:44 TRACE: Wires_11.xnb
02:44  INFO: Extracting files from UI/
02:44 TRACE: Wires_2.xnb
02:44  INFO: Extracting files from UI/
02:44 TRACE: Wires_3.xnb
02:44  INFO: Extracting files from UI/
02:44 TRACE: Wires_4.xnb
02:44  INFO: Extracting files from UI/
02:44 TRACE: Wires_5.xnb
02:44  INFO: Extracting files from UI/
02:44 TRACE: Wires_6.xnb
02:44  INFO: Extracting files from UI/
02:44 TRACE: Wires_7.xnb
02:44  INFO: Extracting files from UI/
02:44 TRACE: Wires_8.xnb
02:44  INFO: Extracting files from UI/
02:44 TRACE: Wires_9.xnb
02:44  INFO: Extracting files from UI/
02:44 TRACE: WorldCreation
02:44  INFO: Extracting files from UI\WorldCreation/
02:44 TRACE: IconDifficultyCreative.xnb
02:44  INFO: Extracting files from UI\WorldCreation/
02:44 TRACE: IconDifficultyExpert.xnb
02:44  INFO: Extracting files from UI\WorldCreation/
02:44 TRACE: IconDifficultyMaster.xnb
02:44  INFO: Extracting files from UI\WorldCreation/
02:44 TRACE: IconDifficultyNormal.xnb
02:44  INFO: Extracting files from UI\WorldCreation/
02:44 TRACE: IconEvilCorruption.xnb
02:44  INFO: Extracting files from UI\WorldCreation/
02:44 TRACE: IconEvilCrimson.xnb
02:44  INFO: Extracting files from UI\WorldCreation/
02:44 TRACE: IconEvilRandom.xnb
02:44  INFO: Extracting files from UI\WorldCreation/
02:44 TRACE: IconRandomName.xnb
02:44  INFO: Extracting files from UI\WorldCreation/
02:44 TRACE: IconRandomSeed.xnb
02:44  INFO: Extracting files from UI\WorldCreation/
02:44 TRACE: IconSizeLarge.xnb
02:44  INFO: Extracting files from UI\WorldCreation/
02:44 TRACE: IconSizeMedium.xnb
02:44  INFO: Extracting files from UI\WorldCreation/
02:44 TRACE: IconSizeSmall.xnb
02:44  INFO: Extracting files from UI\WorldCreation/
02:44 TRACE: PreviewBorder.xnb
02:44  INFO: Extracting files from UI\WorldCreation/
02:44 TRACE: PreviewDifficultyCreative2.xnb
02:44  INFO: Extracting files from UI\WorldCreation/
02:44 TRACE: PreviewDifficultyExpert1.xnb
02:44  INFO: Extracting files from UI\WorldCreation/
02:44 TRACE: PreviewDifficultyExpert2.xnb
02:44  INFO: Extracting files from UI\WorldCreation/
02:44 TRACE: PreviewDifficultyMaster1.xnb
02:44  INFO: Extracting files from UI\WorldCreation/
02:44 TRACE: PreviewDifficultyMaster2.xnb
02:44  INFO: Extracting files from UI\WorldCreation/
02:44 TRACE: PreviewDifficultyNormal1.xnb
02:44  INFO: Extracting files from UI\WorldCreation/
02:44 TRACE: PreviewDifficultyNormal2.xnb
02:44  INFO: Extracting files from UI\WorldCreation/
02:44 TRACE: PreviewEvilCorruption.xnb
02:44  INFO: Extracting files from UI\WorldCreation/
02:44 TRACE: PreviewEvilCrimson.xnb
02:44  INFO: Extracting files from UI\WorldCreation/
02:44 TRACE: PreviewEvilRandom.xnb
02:44  INFO: Extracting files from UI\WorldCreation/
02:44 TRACE: PreviewSizeLarge.xnb
02:44  INFO: Extracting files from UI\WorldCreation/
02:44 TRACE: PreviewSizeMedium.xnb
02:44  INFO: Extracting files from UI\WorldCreation/
02:44 TRACE: PreviewSizeSmall.xnb
02:44  INFO: Extracting files from UI/
02:44 TRACE: WorldGen
02:44  INFO: Extracting files from UI\WorldGen/
02:44 TRACE: Outer_Corrupt.xnb
02:44  INFO: Extracting files from UI\WorldGen/
02:44 TRACE: Outer_Crimson.xnb
02:44  INFO: Extracting files from UI\WorldGen/
02:44 TRACE: Outer_Dirt.xnb
02:44  INFO: Extracting files from UI\WorldGen/
02:44 TRACE: Outer_Lower.xnb
