00:20  INFO: Extracting files from Custom/
00:20 TRACE: achievement_complete.xnb
00:20  INFO: Extracting files from Custom/
00:20 TRACE: blizzard_inside_building_loop.xnb
00:20  INFO: Extracting files from Custom/
00:20 TRACE: blizzard_strong_loop.xnb
00:20  INFO: Extracting files from Custom/
00:20 TRACE: dd2_ballista_tower_shot_0.xnb
00:21  INFO: Extracting files from Custom/
00:21 TRACE: dd2_ballista_tower_shot_1.xnb
00:21  INFO: Extracting files from Custom/
00:21 TRACE: dd2_ballista_tower_shot_2.xnb
00:21  INFO: Extracting files from Custom/
00:21 TRACE: dd2_betsy_death_0.xnb
00:21  INFO: Extracting files from Custom/
00:21 TRACE: dd2_betsy_death_1.xnb
00:21  INFO: Extracting files from Custom/
00:21 TRACE: dd2_betsy_death_2.xnb
00:21  INFO: Extracting files from Custom/
00:21 TRACE: dd2_betsy_fireball_impact_0.xnb
00:21  INFO: Extracting files from Custom/
00:21 TRACE: dd2_betsy_fireball_impact_1.xnb
00:21  INFO: Extracting files from Custom/
00:21 TRACE: dd2_betsy_fireball_impact_2.xnb
00:21  INFO: Extracting files from Custom/
00:21 TRACE: dd2_betsy_fireball_shot_0.xnb
00:21  INFO: Extracting files from Custom/
00:21 TRACE: dd2_betsy_fireball_shot_1.xnb
00:21  INFO: Extracting files from Custom/
00:21 TRACE: dd2_betsy_fireball_shot_2.xnb
00:21  INFO: Extracting files from Custom/
00:21 TRACE: dd2_betsy_flame_breath.xnb
00:21  INFO: Extracting files from Custom/
00:21 TRACE: dd2_betsy_flying_circle_attack.xnb
00:21  INFO: Extracting files from Custom/
00:21 TRACE: dd2_betsy_hurt_0.xnb
00:21  INFO: Extracting files from Custom/
00:21 TRACE: dd2_betsy_hurt_1.xnb
00:21  INFO: Extracting files from Custom/
00:21 TRACE: dd2_betsy_hurt_2.xnb
00:21  INFO: Extracting files from Custom/
00:21 TRACE: dd2_betsy_scream.xnb
00:21  INFO: Extracting files from Custom/
00:21 TRACE: dd2_betsy_summon_0.xnb
00:21  INFO: Extracting files from Custom/
00:21 TRACE: dd2_betsy_summon_1.xnb
00:21  INFO: Extracting files from Custom/
00:21 TRACE: dd2_betsy_summon_2.xnb
00:21  INFO: Extracting files from Custom/
00:21 TRACE: dd2_betsy_wind_attack_0.xnb
00:22  INFO: Extracting files from Custom/
00:22 TRACE: dd2_betsy_wind_attack_1.xnb
00:22  INFO: Extracting files from Custom/
00:22 TRACE: dd2_betsy_wind_attack_2.xnb
00:22  INFO: Extracting files from Custom/
00:22 TRACE: dd2_book_staff_cast_0.xnb
00:22  INFO: Extracting files from Custom/
00:22 TRACE: dd2_book_staff_cast_1.xnb
00:22  INFO: Extracting files from Custom/
00:22 TRACE: dd2_book_staff_cast_2.xnb
00:22  INFO: Extracting files from Custom/
00:22 TRACE: dd2_book_staff_twister_loop.xnb
00:22  INFO: Extracting files from Custom/
00:22 TRACE: dd2_crystal_cart_impact_0.xnb
00:22  INFO: Extracting files from Custom/
00:22 TRACE: dd2_crystal_cart_impact_1.xnb
00:22  INFO: Extracting files from Custom/
00:22 TRACE: dd2_crystal_cart_impact_2.xnb
00:22  INFO: Extracting files from Custom/
00:22 TRACE: dd2_dark_mage_attack_0.xnb
00:22  INFO: Extracting files from Custom/
00:22 TRACE: dd2_dark_mage_attack_1.xnb
00:22  INFO: Extracting files from Custom/
00:22 TRACE: dd2_dark_mage_attack_2.xnb
00:22  INFO: Extracting files from Custom/
00:22 TRACE: dd2_dark_mage_cast_heal_0.xnb
00:22  INFO: Extracting files from Custom/
00:22 TRACE: dd2_dark_mage_cast_heal_1.xnb
00:22  INFO: Extracting files from Custom/
00:22 TRACE: dd2_dark_mage_cast_heal_2.xnb
00:22  INFO: Extracting files from Custom/
00:22 TRACE: dd2_dark_mage_death_0.xnb
00:22  INFO: Extracting files from Custom/
00:22 TRACE: dd2_dark_mage_death_1.xnb
00:22  INFO: Extracting files from Custom/
00:22 TRACE: dd2_dark_mage_death_2.xnb
00:22  INFO: Extracting files from Custom/
00:22 TRACE: dd2_dark_mage_heal_impact_0.xnb
00:22  INFO: Extracting files from Custom/
00:22 TRACE: dd2_dark_mage_heal_impact_1.xnb
00:22  INFO: Extracting files from Custom/
00:22 TRACE: dd2_dark_mage_heal_impact_2.xnb
00:22  INFO: Extracting files from Custom/
00:22 TRACE: dd2_dark_mage_hurt_0.xnb
00:22  INFO: Extracting files from Custom/
00:22 TRACE: dd2_dark_mage_hurt_1.xnb
00:22  INFO: Extracting files from Custom/
00:22 TRACE: dd2_dark_mage_hurt_2.xnb
00:22  INFO: Extracting files from Custom/
00:22 TRACE: dd2_dark_mage_summon_skeleton_0.xnb
00:22  INFO: Extracting files from Custom/
00:22 TRACE: dd2_dark_mage_summon_skeleton_1.xnb
00:22  INFO: Extracting files from Custom/
00:22 TRACE: dd2_dark_mage_summon_skeleton_2.xnb
00:22  INFO: Extracting files from Custom/
00:22 TRACE: dd2_defeat_scene.xnb
00:22  INFO: Extracting files from Custom/
00:22 TRACE: dd2_defense_tower_spawn.xnb
00:23  INFO: Extracting files from Custom/
00:23 TRACE: dd2_drakin_breath_in_0.xnb
00:23  INFO: Extracting files from Custom/
00:23 TRACE: dd2_drakin_breath_in_1.xnb
00:23  INFO: Extracting files from Custom/
00:23 TRACE: dd2_drakin_breath_in_2.xnb
00:23  INFO: Extracting files from Custom/
00:23 TRACE: dd2_drakin_death_0.xnb
00:23  INFO: Extracting files from Custom/
00:23 TRACE: dd2_drakin_death_1.xnb
00:23  INFO: Extracting files from Custom/
00:23 TRACE: dd2_drakin_death_2.xnb
00:23  INFO: Extracting files from Custom/
00:23 TRACE: dd2_drakin_hurt_0.xnb
00:23  INFO: Extracting files from Custom/
00:23 TRACE: dd2_drakin_hurt_1.xnb
00:23  INFO: Extracting files from Custom/
00:23 TRACE: dd2_drakin_hurt_2.xnb
00:23  INFO: Extracting files from Custom/
00:23 TRACE: dd2_drakin_shot_0.xnb
00:23  INFO: Extracting files from Custom/
00:23 TRACE: dd2_drakin_shot_1.xnb
00:23  INFO: Extracting files from Custom/
00:23 TRACE: dd2_drakin_shot_2.xnb
00:23  INFO: Extracting files from Custom/
00:23 TRACE: dd2_etherian_portal_dryad_touch.xnb
00:23  INFO: Extracting files from Custom/
00:23 TRACE: dd2_etherian_portal_idle_loop.xnb
00:23  INFO: Extracting files from Custom/
00:23 TRACE: dd2_etherian_portal_open.xnb
00:23  INFO: Extracting files from Custom/
00:23 TRACE: dd2_etherian_portal_spawn_enemy_0.xnb
00:23  INFO: Extracting files from Custom/
00:23 TRACE: dd2_etherian_portal_spawn_enemy_1.xnb
00:23  INFO: Extracting files from Custom/
00:23 TRACE: dd2_etherian_portal_spawn_enemy_2.xnb
00:23  INFO: Extracting files from Custom/
00:23 TRACE: dd2_explosive_trap_explode_0.xnb
00:24  INFO: Extracting files from Custom/
00:24 TRACE: dd2_explosive_trap_explode_1.xnb
00:24  INFO: Extracting files from Custom/
00:24 TRACE: dd2_explosive_trap_explode_2.xnb
00:24  INFO: Extracting files from Custom/
00:24 TRACE: dd2_flameburst_tower_shot_0.xnb
00:24  INFO: Extracting files from Custom/
00:24 TRACE: dd2_flameburst_tower_shot_1.xnb
00:24  INFO: Extracting files from Custom/
00:24 TRACE: dd2_flameburst_tower_shot_2.xnb
00:24  INFO: Extracting files from Custom/
00:24 TRACE: dd2_ghastly_glaive_impact_ghost_0.xnb
00:24  INFO: Extracting files from Custom/
00:24 TRACE: dd2_ghastly_glaive_impact_ghost_1.xnb
00:24  INFO: Extracting files from Custom/
00:24 TRACE: dd2_ghastly_glaive_impact_ghost_2.xnb
00:24  INFO: Extracting files from Custom/
00:24 TRACE: dd2_ghastly_glaive_pierce_0.xnb
00:24  INFO: Extracting files from Custom/
00:24 TRACE: dd2_ghastly_glaive_pierce_1.xnb
00:24  INFO: Extracting files from Custom/
00:24 TRACE: dd2_ghastly_glaive_pierce_2.xnb
00:24  INFO: Extracting files from Custom/
00:24 TRACE: dd2_goblin_bomber_death_0.xnb
00:24  INFO: Extracting files from Custom/
00:24 TRACE: dd2_goblin_bomber_death_1.xnb
00:24  INFO: Extracting files from Custom/
00:24 TRACE: dd2_goblin_bomber_death_2.xnb
00:24  INFO: Extracting files from Custom/
00:24 TRACE: dd2_goblin_bomber_hurt_0.xnb
00:24  INFO: Extracting files from Custom/
00:24 TRACE: dd2_goblin_bomber_hurt_1.xnb
00:24  INFO: Extracting files from Custom/
00:24 TRACE: dd2_goblin_bomber_hurt_2.xnb
00:24  INFO: Extracting files from Custom/
00:24 TRACE: dd2_goblin_bomber_scream_0.xnb
00:24  INFO: Extracting files from Custom/
00:24 TRACE: dd2_goblin_bomber_scream_1.xnb
00:24  INFO: Extracting files from Custom/
00:24 TRACE: dd2_goblin_bomber_scream_2.xnb
00:24  INFO: Extracting files from Custom/
00:24 TRACE: dd2_goblin_bomber_throw_0.xnb
00:24  INFO: Extracting files from Custom/
00:24 TRACE: dd2_goblin_bomber_throw_1.xnb
00:24  INFO: Extracting files from Custom/
00:24 TRACE: dd2_goblin_bomber_throw_2.xnb
00:24  INFO: Extracting files from Custom/
00:24 TRACE: dd2_goblin_death_0.xnb
00:24  INFO: Extracting files from Custom/
00:24 TRACE: dd2_goblin_death_1.xnb
00:25  INFO: Extracting files from Custom/
00:25 TRACE: dd2_goblin_death_2.xnb
00:25  INFO: Extracting files from Custom/
00:25 TRACE: dd2_goblin_hurt_0.xnb
00:25  INFO: Extracting files from Custom/
00:25 TRACE: dd2_goblin_hurt_1.xnb
00:25  INFO: Extracting files from Custom/
00:25 TRACE: dd2_goblin_hurt_2.xnb
00:25  INFO: Extracting files from Custom/
00:25 TRACE: dd2_goblin_hurt_3.xnb
00:25  INFO: Extracting files from Custom/
00:25 TRACE: dd2_goblin_hurt_4.xnb
00:25  INFO: Extracting files from Custom/
00:25 TRACE: dd2_goblin_hurt_5.xnb
00:25  INFO: Extracting files from Custom/
00:25 TRACE: dd2_goblin_scream_0.xnb
00:25  INFO: Extracting files from Custom/
00:25 TRACE: dd2_goblin_scream_1.xnb
00:25  INFO: Extracting files from Custom/
00:25 TRACE: dd2_goblin_scream_2.xnb
00:25  INFO: Extracting files from Custom/
00:25 TRACE: dd2_javelin_throwers_attack_0.xnb
00:25  INFO: Extracting files from Custom/
00:25 TRACE: dd2_javelin_throwers_attack_1.xnb
00:25  INFO: Extracting files from Custom/
00:25 TRACE: dd2_javelin_throwers_attack_2.xnb
00:25  INFO: Extracting files from Custom/
00:25 TRACE: dd2_javelin_throwers_death_0.xnb
00:25  INFO: Extracting files from Custom/
00:25 TRACE: dd2_javelin_throwers_death_1.xnb
00:25  INFO: Extracting files from Custom/
00:25 TRACE: dd2_javelin_throwers_death_2.xnb
00:25  INFO: Extracting files from Custom/
00:25 TRACE: dd2_javelin_throwers_hurt_0.xnb
00:25  INFO: Extracting files from Custom/
00:25 TRACE: dd2_javelin_throwers_hurt_1.xnb
00:25  INFO: Extracting files from Custom/
00:25 TRACE: dd2_javelin_throwers_hurt_2.xnb
00:25  INFO: Extracting files from Custom/
00:25 TRACE: dd2_javelin_throwers_taunt_0.xnb
00:25  INFO: Extracting files from Custom/
00:25 TRACE: dd2_javelin_throwers_taunt_1.xnb
00:25  INFO: Extracting files from Custom/
00:25 TRACE: dd2_javelin_throwers_taunt_2.xnb
00:25  INFO: Extracting files from Custom/
00:25 TRACE: dd2_kobold_death_0.xnb
00:25  INFO: Extracting files from Custom/
00:25 TRACE: dd2_kobold_death_1.xnb
00:25  INFO: Extracting files from Custom/
00:25 TRACE: dd2_kobold_death_2.xnb
00:25  INFO: Extracting files from Custom/
00:25 TRACE: dd2_kobold_explosion_0.xnb
00:25  INFO: Extracting files from Custom/
00:25 TRACE: dd2_kobold_explosion_1.xnb
00:25  INFO: Extracting files from Custom/
00:25 TRACE: dd2_kobold_explosion_2.xnb
00:25  INFO: Extracting files from Custom/
00:25 TRACE: dd2_kobold_flyer_charge_scream_0.xnb
00:25  INFO: Extracting files from Custom/
00:25 TRACE: dd2_kobold_flyer_charge_scream_1.xnb
00:25  INFO: Extracting files from Custom/
00:25 TRACE: dd2_kobold_flyer_charge_scream_2.xnb
00:25  INFO: Extracting files from Custom/
00:25 TRACE: dd2_kobold_flyer_death_0.xnb
00:25  INFO: Extracting files from Custom/
00:25 TRACE: dd2_kobold_flyer_death_1.xnb
00:25  INFO: Extracting files from Custom/
00:25 TRACE: dd2_kobold_flyer_death_2.xnb
00:25  INFO: Extracting files from Custom/
00:25 TRACE: dd2_kobold_flyer_hurt_0.xnb
00:25  INFO: Extracting files from Custom/
00:25 TRACE: dd2_kobold_flyer_hurt_1.xnb
00:25  INFO: Extracting files from Custom/
00:25 TRACE: dd2_kobold_flyer_hurt_2.xnb
00:26  INFO: Extracting files from Custom/
00:26 TRACE: dd2_kobold_hurt_0.xnb
00:26  INFO: Extracting files from Custom/
00:26 TRACE: dd2_kobold_hurt_1.xnb
00:26  INFO: Extracting files from Custom/
00:26 TRACE: dd2_kobold_hurt_2.xnb
00:26  INFO: Extracting files from Custom/
00:26 TRACE: dd2_kobold_ignite.xnb
00:26  INFO: Extracting files from Custom/
00:26 TRACE: dd2_kobold_ignite_loop.xnb
00:26  INFO: Extracting files from Custom/
00:26 TRACE: dd2_kobold_scream_charge_loop.xnb
00:26  INFO: Extracting files from Custom/
00:26 TRACE: dd2_lightning_aura_zap_0.xnb
00:26  INFO: Extracting files from Custom/
00:26 TRACE: dd2_lightning_aura_zap_1.xnb
00:26  INFO: Extracting files from Custom/
00:26 TRACE: dd2_lightning_aura_zap_2.xnb
00:26  INFO: Extracting files from Custom/
00:26 TRACE: dd2_lightning_aura_zap_3.xnb
00:26  INFO: Extracting files from Custom/
00:26 TRACE: dd2_lightning_bug_death_0.xnb
00:26  INFO: Extracting files from Custom/
00:26 TRACE: dd2_lightning_bug_death_1.xnb
00:26  INFO: Extracting files from Custom/
00:26 TRACE: dd2_lightning_bug_death_2.xnb
00:26  INFO: Extracting files from Custom/
00:26 TRACE: dd2_lightning_bug_hurt_0.xnb
00:26  INFO: Extracting files from Custom/
00:26 TRACE: dd2_lightning_bug_hurt_1.xnb
00:26  INFO: Extracting files from Custom/
00:26 TRACE: dd2_lightning_bug_hurt_2.xnb
00:26  INFO: Extracting files from Custom/
00:26 TRACE: dd2_lightning_bug_zap_0.xnb
00:26  INFO: Extracting files from Custom/
00:26 TRACE: dd2_lightning_bug_zap_1.xnb
00:26  INFO: Extracting files from Custom/
00:26 TRACE: dd2_lightning_bug_zap_2.xnb
00:26  INFO: Extracting files from Custom/
00:26 TRACE: dd2_monk_staff_ground_impact_0.xnb
00:26  INFO: Extracting files from Custom/
00:26 TRACE: dd2_monk_staff_ground_impact_1.xnb
00:26  INFO: Extracting files from Custom/
00:26 TRACE: dd2_monk_staff_ground_impact_2.xnb
00:26  INFO: Extracting files from Custom/
00:26 TRACE: dd2_monk_staff_ground_miss_0.xnb
00:26  INFO: Extracting files from Custom/
00:26 TRACE: dd2_monk_staff_ground_miss_1.xnb
00:26  INFO: Extracting files from Custom/
00:26 TRACE: dd2_monk_staff_ground_miss_2.xnb
00:26  INFO: Extracting files from Custom/
00:26 TRACE: dd2_monk_staff_swing_0.xnb
00:26  INFO: Extracting files from Custom/
00:26 TRACE: dd2_monk_staff_swing_1.xnb
00:26  INFO: Extracting files from Custom/
00:26 TRACE: dd2_monk_staff_swing_2.xnb
00:26  INFO: Extracting files from Custom/
00:26 TRACE: dd2_monk_staff_swing_3.xnb
00:26  INFO: Extracting files from Custom/
00:26 TRACE: dd2_ogre_attack_0.xnb
00:26  INFO: Extracting files from Custom/
00:26 TRACE: dd2_ogre_attack_1.xnb
00:26  INFO: Extracting files from Custom/
00:26 TRACE: dd2_ogre_attack_2.xnb
00:26  INFO: Extracting files from Custom/
00:26 TRACE: dd2_ogre_death_0.xnb
00:26  INFO: Extracting files from Custom/
00:26 TRACE: dd2_ogre_death_1.xnb
00:26  INFO: Extracting files from Custom/
00:26 TRACE: dd2_ogre_death_2.xnb
00:26  INFO: Extracting files from Custom/
00:26 TRACE: dd2_ogre_ground_pound.xnb
00:26  INFO: Extracting files from Custom/
00:26 TRACE: dd2_ogre_hurt_0.xnb
00:26  INFO: Extracting files from Custom/
00:26 TRACE: dd2_ogre_hurt_1.xnb
00:26  INFO: Extracting files from Custom/
00:26 TRACE: dd2_ogre_hurt_2.xnb
00:26  INFO: Extracting files from Custom/
00:26 TRACE: dd2_ogre_roar_0.xnb
00:26  INFO: Extracting files from Custom/
00:26 TRACE: dd2_ogre_roar_1.xnb
00:26  INFO: Extracting files from Custom/
00:26 TRACE: dd2_ogre_roar_2.xnb
00:26  INFO: Extracting files from Custom/
00:26 TRACE: dd2_ogre_spit.xnb
00:26  INFO: Extracting files from Custom/
00:26 TRACE: dd2_phantom_phoenix_shot_0.xnb
00:26  INFO: Extracting files from Custom/
00:26 TRACE: dd2_phantom_phoenix_shot_1.xnb
00:26  INFO: Extracting files from Custom/
00:26 TRACE: dd2_phantom_phoenix_shot_2.xnb
00:26  INFO: Extracting files from Custom/
00:26 TRACE: dd2_skeleton_death_0.xnb
00:26  INFO: Extracting files from Custom/
00:26 TRACE: dd2_skeleton_death_1.xnb
00:26  INFO: Extracting files from Custom/
00:26 TRACE: dd2_skeleton_death_2.xnb
00:26  INFO: Extracting files from Custom/
00:26 TRACE: dd2_skeleton_hurt_0.xnb
00:26  INFO: Extracting files from Custom/
00:26 TRACE: dd2_skeleton_hurt_1.xnb
00:26  INFO: Extracting files from Custom/
00:26 TRACE: dd2_skeleton_hurt_2.xnb
00:26  INFO: Extracting files from Custom/
00:26 TRACE: dd2_skeleton_summoned.xnb
00:26  INFO: Extracting files from Custom/
00:26 TRACE: dd2_sky_dragons_fury_circle_0.xnb
00:26  INFO: Extracting files from Custom/
00:26 TRACE: dd2_sky_dragons_fury_circle_1.xnb
00:26  INFO: Extracting files from Custom/
00:26 TRACE: dd2_sky_dragons_fury_circle_2.xnb
00:26  INFO: Extracting files from Custom/
00:26 TRACE: dd2_sky_dragons_fury_shot_0.xnb
00:26  INFO: Extracting files from Custom/
00:26 TRACE: dd2_sky_dragons_fury_shot_1.xnb
00:26  INFO: Extracting files from Custom/
00:26 TRACE: dd2_sky_dragons_fury_shot_2.xnb
00:26  INFO: Extracting files from Custom/
00:26 TRACE: dd2_sky_dragons_fury_swing_0.xnb
00:26  INFO: Extracting files from Custom/
00:26 TRACE: dd2_sky_dragons_fury_swing_1.xnb
00:26  INFO: Extracting files from Custom/
00:26 TRACE: dd2_sky_dragons_fury_swing_2.xnb
00:26  INFO: Extracting files from Custom/
00:26 TRACE: dd2_sky_dragons_fury_swing_3.xnb
00:26  INFO: Extracting files from Custom/
00:26 TRACE: dd2_sonic_boom_blade_slash_0.xnb
00:26  INFO: Extracting files from Custom/
00:26 TRACE: dd2_sonic_boom_blade_slash_1.xnb
00:26  INFO: Extracting files from Custom/
00:26 TRACE: dd2_sonic_boom_blade_slash_2.xnb
00:26  INFO: Extracting files from Custom/
00:26 TRACE: dd2_win_scene.xnb
00:26  INFO: Extracting files from Custom/
00:26 TRACE: dd2_wither_beast_aura_pulse_0.xnb
00:26  INFO: Extracting files from Custom/
00:26 TRACE: dd2_wither_beast_aura_pulse_1.xnb
00:26  INFO: Extracting files from Custom/
00:26 TRACE: dd2_wither_beast_crystal_impact_0.xnb
00:26  INFO: Extracting files from Custom/
00:26 TRACE: dd2_wither_beast_crystal_impact_1.xnb
00:26  INFO: Extracting files from Custom/
00:26 TRACE: dd2_wither_beast_crystal_impact_2.xnb
00:26  INFO: Extracting files from Custom/
00:26 TRACE: dd2_wither_beast_death_0.xnb
00:26  INFO: Extracting files from Custom/
00:26 TRACE: dd2_wither_beast_death_1.xnb
00:26  INFO: Extracting files from Custom/
00:26 TRACE: dd2_wither_beast_death_2.xnb
00:26  INFO: Extracting files from Custom/
00:26 TRACE: dd2_wither_beast_hurt_0.xnb
00:26  INFO: Extracting files from Custom/
00:26 TRACE: dd2_wither_beast_hurt_1.xnb
00:26  INFO: Extracting files from Custom/
00:26 TRACE: dd2_wither_beast_hurt_2.xnb
00:26  INFO: Extracting files from Custom/
00:26 TRACE: dd2_wyvern_death_0.xnb
00:26  INFO: Extracting files from Custom/
00:26 TRACE: dd2_wyvern_death_1.xnb
00:26  INFO: Extracting files from Custom/
00:26 TRACE: dd2_wyvern_death_2.xnb
00:26  INFO: Extracting files from Custom/
00:26 TRACE: dd2_wyvern_dive_down_0.xnb
00:26  INFO: Extracting files from Custom/
00:26 TRACE: dd2_wyvern_dive_down_1.xnb
00:26  INFO: Extracting files from Custom/
00:26 TRACE: dd2_wyvern_dive_down_2.xnb
00:26  INFO: Extracting files from Custom/
00:26 TRACE: dd2_wyvern_hurt_0.xnb
00:26  INFO: Extracting files from Custom/
00:26 TRACE: dd2_wyvern_hurt_1.xnb
00:26  INFO: Extracting files from Custom/
00:26 TRACE: dd2_wyvern_hurt_2.xnb
00:26  INFO: Extracting files from Custom/
00:26 TRACE: dd2_wyvern_scream_0.xnb
00:26  INFO: Extracting files from Custom/
00:26 TRACE: dd2_wyvern_scream_1.xnb
00:26  INFO: Extracting files from Custom/
00:26 TRACE: dd2_wyvern_scream_2.xnb
00:26  INFO: Extracting files from Custom/
00:26 TRACE: liquids_honey_lava_0.xnb
00:26  INFO: Extracting files from Custom/
00:26 TRACE: liquids_honey_lava_1.xnb
00:26  INFO: Extracting files from Custom/
00:26 TRACE: liquids_honey_lava_2.xnb
00:26  INFO: Extracting files from Custom/
00:26 TRACE: liquids_honey_water_0.xnb
00:26  INFO: Extracting files from Custom/
00:26 TRACE: liquids_honey_water_1.xnb
00:26  INFO: Extracting files from Custom/
00:26 TRACE: liquids_honey_water_2.xnb
00:26  INFO: Extracting files from Custom/
00:26 TRACE: liquids_water_lava_0.xnb
00:26  INFO: Extracting files from Custom/
00:26 TRACE: liquids_water_lava_1.xnb
00:26  INFO: Extracting files from Custom/
00:26 TRACE: liquids_water_lava_2.xnb
